Using pre-set license

 COMMAND LINE ARGUMENTS:
/Applications/Unity/Hub/Editor/2020.3.11f1/Unity.app/Contents/MacOS/Unity
-adb2
-batchMode
-noUpm
-name
AssetImportWorker7
-projectPath
/Users/junghuh/Documents/GitHub/Unity-DialogFlow
-logFile
Logs/AssetImportWorker7.log
-srvPort
54585
Successfully changed project path to: /Users/junghuh/Documents/GitHub/Unity-DialogFlow
/Users/junghuh/Documents/GitHub/Unity-DialogFlow
Using Asset Import Pipeline V2.
Refreshing native plugins compatible for Editor in 99.37 ms, found 2 plugins.
Preloading 0 native plugins for Editor in 0.00 ms.
Initialize engine version: 2020.3.11f1 (99c7afb366b3)
[Subsystems] Discovering subsystems at path /Applications/Unity/Hub/Editor/2020.3.11f1/Unity.app/Contents/Resources/UnitySubsystems
[Subsystems] Discovering subsystems at path /Users/junghuh/Documents/GitHub/Unity-DialogFlow/Assets
GfxDevice: creating device client; threaded=0
2022-04-18 23:58:44.792 Unity[29407:26920945] Color LCD preferred device: AMD Radeon Pro 460 (high power)
2022-04-18 23:58:44.792 Unity[29407:26920945] Metal devices available: 2
2022-04-18 23:58:44.792 Unity[29407:26920945] 0: AMD Radeon Pro 460 (high power)
2022-04-18 23:58:44.792 Unity[29407:26920945] 1: Intel(R) HD Graphics 530 (low power)
2022-04-18 23:58:44.793 Unity[29407:26920945] Using device AMD Radeon Pro 460 (high power)
Initializing Metal device caps: AMD Radeon Pro 460
Initialize mono
Mono path[0] = '/Applications/Unity/Hub/Editor/2020.3.11f1/Unity.app/Contents/Managed'
Mono path[1] = '/Applications/Unity/Hub/Editor/2020.3.11f1/Unity.app/Contents/MonoBleedingEdge/lib/mono/unityjit'
Mono config path = '/Applications/Unity/Hub/Editor/2020.3.11f1/Unity.app/Contents/MonoBleedingEdge/etc'
Using monoOptions --debugger-agent=transport=dt_socket,embedding=1,server=y,suspend=n,address=127.0.0.1:56407
Begin MonoManager ReloadAssembly
Registering precompiled unity dll's ...
Register platform support module: /Applications/Unity/Hub/Editor/2020.3.11f1/PlaybackEngines/WebGLSupport/UnityEditor.WebGL.Extensions.dll
Register platform support module: /Applications/Unity/Hub/Editor/2020.3.11f1/Unity.app/Contents/PlaybackEngines/MacStandaloneSupport/UnityEditor.OSXStandalone.Extensions.dll
Register platform support module: /Applications/Unity/Hub/Editor/2020.3.11f1/PlaybackEngines/WindowsStandaloneSupport/UnityEditor.WindowsStandalone.Extensions.dll
Registered in 0.001890 seconds.
Native extension for WindowsStandalone target not found
Native extension for OSXStandalone target not found
Native extension for WebGL target not found
Refreshing native plugins compatible for Editor in 114.22 ms, found 2 plugins.
Preloading 0 native plugins for Editor in 0.00 ms.
Mono: successfully reloaded assembly
- Completed reload, in  5.901 seconds
Platform modules already initialized, skipping
Registering precompiled user dll's ...
Registered in 0.008898 seconds.
Begin MonoManager ReloadAssembly
Native extension for WindowsStandalone target not found
Native extension for OSXStandalone target not found
Native extension for WebGL target not found
Refreshing native plugins compatible for Editor in 84.66 ms, found 2 plugins.
Preloading 0 native plugins for Editor in 0.00 ms.
UnityEngine.Assertions.AssertionException: Assertion failure. Value was Null
Expected: Value was not Null
  at UnityEngine.Assertions.Assert.Fail (System.String message, System.String userMessage) [0x0003c] in /Users/bokken/buildslave/unity/build/Runtime/Export/Assertions/Assert/AssertBase.cs:29 
  at UnityEngine.Assertions.Assert.IsNotNull[T] (T value, System.String message) [0x00042] in /Users/bokken/buildslave/unity/build/Runtime/Export/Assertions/Assert/AssertNull.cs:50 
  at UnityEngine.Assertions.Assert.IsNotNull[T] (T value) [0x00001] in /Users/bokken/buildslave/unity/build/Runtime/Export/Assertions/Assert/AssertNull.cs:38 
  at ARFoundationRemote.Editor.ARFaceEditorMemorySafetyErrorFixer.IsFixApplied () [0x00016] in /Users/junghuh/Documents/GitHub/Unity-DialogFlow/Packages/com.kyrylokuzyk.arfoundationremote/Editor/FixesForEditorSupport/ARFaceEditorMemorySafetyErrorFixer.cs:34 
  at ARFoundationRemote.Editor.ARFaceEditorMemorySafetyErrorFixer.ApplyIfNeeded () [0x00000] in /Users/junghuh/Documents/GitHub/Unity-DialogFlow/Packages/com.kyrylokuzyk.arfoundationremote/Editor/FixesForEditorSupport/ARFaceEditorMemorySafetyErrorFixer.cs:15 
  at ARFoundationRemote.Editor.FixesForEditorSupport.Apply (System.Boolean force) [0x00012] in /Users/junghuh/Documents/GitHub/Unity-DialogFlow/Packages/com.kyrylokuzyk.arfoundationremote/Editor/FixesForEditorSupport/FixesForEditorSupport.cs:18 
  at ARFoundationRemote.Editor.FixesForEditorSupport..cctor () [0x00000] in /Users/junghuh/Documents/GitHub/Unity-DialogFlow/Packages/com.kyrylokuzyk.arfoundationremote/Editor/FixesForEditorSupport/FixesForEditorSupport.cs:11 
UnityEngine.StackTraceUtility:ExtractStackTrace () (at /Users/bokken/buildslave/unity/build/Runtime/Export/Scripting/StackTrace.cs:37)
UnityEngine.DebugLogHandler:LogFormat (UnityEngine.LogType,UnityEngine.Object,string,object[])
UnityEngine.Logger:Log (UnityEngine.LogType,object)
UnityEngine.Debug:LogError (object)
UnityEditor.EditorAssemblies:ProcessInitializeOnLoadAttributes (System.Type[]) (at /Users/bokken/buildslave/unity/build/Editor/Mono/EditorAssemblies.cs:118)

(Filename: /Users/bokken/buildslave/unity/build/Editor/Mono/EditorAssemblies.cs Line: 118)

Mono: successfully reloaded assembly
- Completed reload, in  4.835 seconds
Platform modules already initialized, skipping
========================================================================
Worker process is ready to serve import requests
Launching external process: /Applications/Unity/Hub/Editor/2020.3.11f1/Unity.app/Contents/Tools/UnityShaderCompiler
Launched and connected shader compiler UnityShaderCompiler after 0.08 seconds
Refreshing native plugins compatible for Editor in 1.04 ms, found 2 plugins.
Preloading 0 native plugins for Editor in 0.00 ms.
Unloading 3422 Unused Serialized files (Serialized files now loaded: 0)
System memory in use before: 230.9 MB.
System memory in use after: 231.1 MB.

Unloading 75 unused Assets to reduce memory usage. Loaded Objects now: 3823.
Total: 8.059884 ms (FindLiveObjects: 0.384624 ms CreateObjectMapping: 0.183626 ms MarkObjects: 7.365185 ms  DeleteObjects: 0.124701 ms)

========================================================================
Received Import Request.
  path: Assets/08.Animation/JumpHigh.anim
  artifactKey: Guid(a9efc04eff2ef44b69c07375cd444d82) Importer(815301076,1909f56bfc062723c751e8b465ee728b)
Start importing Assets/08.Animation/JumpHigh.anim using Guid(a9efc04eff2ef44b69c07375cd444d82) Importer(815301076,1909f56bfc062723c751e8b465ee728b)  -> (artifact id: 'e2a08721bc5f65bf5a8eed977732327d') in 1.867997 seconds
  Import took 1.877915 seconds .

========================================================================
Received Import Request.
  Time since last request: 395.159278 seconds.
  path: Assets/08.Animation/Turn.anim
  artifactKey: Guid(e72df9d8d47a3447aa41fb85ded41620) Importer(815301076,1909f56bfc062723c751e8b465ee728b)
Start importing Assets/08.Animation/Turn.anim using Guid(e72df9d8d47a3447aa41fb85ded41620) Importer(815301076,1909f56bfc062723c751e8b465ee728b)  -> (artifact id: 'f14e27e90e516973a46dcf656a36b637') in 0.007933 seconds
  Import took 0.016902 seconds .

========================================================================
Received Prepare
Registering precompiled user dll's ...
Registered in 0.009447 seconds.
Begin MonoManager ReloadAssembly
Native extension for WindowsStandalone target not found
Native extension for OSXStandalone target not found
Native extension for WebGL target not found
Refreshing native plugins compatible for Editor in 1.56 ms, found 2 plugins.
Preloading 0 native plugins for Editor in 0.00 ms.
UnityEngine.Assertions.AssertionException: Assertion failure. Value was Null
Expected: Value was not Null
  at UnityEngine.Assertions.Assert.Fail (System.String message, System.String userMessage) [0x0003c] in /Users/bokken/buildslave/unity/build/Runtime/Export/Assertions/Assert/AssertBase.cs:29 
  at UnityEngine.Assertions.Assert.IsNotNull[T] (T value, System.String message) [0x00042] in /Users/bokken/buildslave/unity/build/Runtime/Export/Assertions/Assert/AssertNull.cs:50 
  at UnityEngine.Assertions.Assert.IsNotNull[T] (T value) [0x00001] in /Users/bokken/buildslave/unity/build/Runtime/Export/Assertions/Assert/AssertNull.cs:38 
  at ARFoundationRemote.Editor.ARFaceEditorMemorySafetyErrorFixer.IsFixApplied () [0x00016] in /Users/junghuh/Documents/GitHub/Unity-DialogFlow/Packages/com.kyrylokuzyk.arfoundationremote/Editor/FixesForEditorSupport/ARFaceEditorMemorySafetyErrorFixer.cs:34 
  at ARFoundationRemote.Editor.ARFaceEditorMemorySafetyErrorFixer.ApplyIfNeeded () [0x00000] in /Users/junghuh/Documents/GitHub/Unity-DialogFlow/Packages/com.kyrylokuzyk.arfoundationremote/Editor/FixesForEditorSupport/ARFaceEditorMemorySafetyErrorFixer.cs:15 
  at ARFoundationRemote.Editor.FixesForEditorSupport.Apply (System.Boolean force) [0x00012] in /Users/junghuh/Documents/GitHub/Unity-DialogFlow/Packages/com.kyrylokuzyk.arfoundationremote/Editor/FixesForEditorSupport/FixesForEditorSupport.cs:18 
  at ARFoundationRemote.Editor.FixesForEditorSupport..cctor () [0x00000] in /Users/junghuh/Documents/GitHub/Unity-DialogFlow/Packages/com.kyrylokuzyk.arfoundationremote/Editor/FixesForEditorSupport/FixesForEditorSupport.cs:11 
UnityEngine.StackTraceUtility:ExtractStackTrace () (at /Users/bokken/buildslave/unity/build/Runtime/Export/Scripting/StackTrace.cs:37)
UnityEngine.DebugLogHandler:LogFormat (UnityEngine.LogType,UnityEngine.Object,string,object[])
UnityEngine.Logger:Log (UnityEngine.LogType,object)
UnityEngine.Debug:LogError (object)
UnityEditor.EditorAssemblies:ProcessInitializeOnLoadAttributes (System.Type[]) (at /Users/bokken/buildslave/unity/build/Editor/Mono/EditorAssemblies.cs:118)

(Filename: /Users/bokken/buildslave/unity/build/Editor/Mono/EditorAssemblies.cs Line: 118)

Mono: successfully reloaded assembly
- Completed reload, in  2.387 seconds
Platform modules already initialized, skipping
Switching build target platform(2) subTarget(0) extendedPlatform(0) -> platform(13) subTarget(589824) extendedPlatform(0)
Refreshing native plugins compatible for Editor in 1.25 ms, found 2 plugins.
Preloading 0 native plugins for Editor in 0.00 ms.
Unloading 3382 Unused Serialized files (Serialized files now loaded: 0)
System memory in use before: 228.5 MB.
System memory in use after: 228.7 MB.

Unloading 65 unused Assets to reduce memory usage. Loaded Objects now: 3826.
Total: 10.544063 ms (FindLiveObjects: 0.443555 ms CreateObjectMapping: 0.274573 ms MarkObjects: 9.738225 ms  DeleteObjects: 0.086140 ms)

AssetImportParameters requested are different than current active one (requested -> active):
  custom:graphics/normal-map-encoding: 01000000000000000000000000000000 -> 02000000000000000000000000000000
========================================================================
Received Prepare
Registering precompiled user dll's ...
Registered in 0.010012 seconds.
Begin MonoManager ReloadAssembly
Native extension for WindowsStandalone target not found
Native extension for OSXStandalone target not found
Native extension for WebGL target not found
Refreshing native plugins compatible for Editor in 2.05 ms, found 2 plugins.
Preloading 0 native plugins for Editor in 0.00 ms.
UnityEngine.Assertions.AssertionException: Assertion failure. Value was Null
Expected: Value was not Null
  at UnityEngine.Assertions.Assert.Fail (System.String message, System.String userMessage) [0x0003c] in /Users/bokken/buildslave/unity/build/Runtime/Export/Assertions/Assert/AssertBase.cs:29 
  at UnityEngine.Assertions.Assert.IsNotNull[T] (T value, System.String message) [0x00042] in /Users/bokken/buildslave/unity/build/Runtime/Export/Assertions/Assert/AssertNull.cs:50 
  at UnityEngine.Assertions.Assert.IsNotNull[T] (T value) [0x00001] in /Users/bokken/buildslave/unity/build/Runtime/Export/Assertions/Assert/AssertNull.cs:38 
  at ARFoundationRemote.Editor.ARFaceEditorMemorySafetyErrorFixer.IsFixApplied () [0x00016] in /Users/junghuh/Documents/GitHub/Unity-DialogFlow/Packages/com.kyrylokuzyk.arfoundationremote/Editor/FixesForEditorSupport/ARFaceEditorMemorySafetyErrorFixer.cs:34 
  at ARFoundationRemote.Editor.ARFaceEditorMemorySafetyErrorFixer.ApplyIfNeeded () [0x00000] in /Users/junghuh/Documents/GitHub/Unity-DialogFlow/Packages/com.kyrylokuzyk.arfoundationremote/Editor/FixesForEditorSupport/ARFaceEditorMemorySafetyErrorFixer.cs:15 
  at ARFoundationRemote.Editor.FixesForEditorSupport.Apply (System.Boolean force) [0x00012] in /Users/junghuh/Documents/GitHub/Unity-DialogFlow/Packages/com.kyrylokuzyk.arfoundationremote/Editor/FixesForEditorSupport/FixesForEditorSupport.cs:18 
  at ARFoundationRemote.Editor.FixesForEditorSupport..cctor () [0x00000] in /Users/junghuh/Documents/GitHub/Unity-DialogFlow/Packages/com.kyrylokuzyk.arfoundationremote/Editor/FixesForEditorSupport/FixesForEditorSupport.cs:11 
UnityEngine.StackTraceUtility:ExtractStackTrace () (at /Users/bokken/buildslave/unity/build/Runtime/Export/Scripting/StackTrace.cs:37)
UnityEngine.DebugLogHandler:LogFormat (UnityEngine.LogType,UnityEngine.Object,string,object[])
UnityEngine.Logger:Log (UnityEngine.LogType,object)
UnityEngine.Debug:LogError (object)
UnityEditor.EditorAssemblies:ProcessInitializeOnLoadAttributes (System.Type[]) (at /Users/bokken/buildslave/unity/build/Editor/Mono/EditorAssemblies.cs:118)

(Filename: /Users/bokken/buildslave/unity/build/Editor/Mono/EditorAssemblies.cs Line: 118)

Mono: successfully reloaded assembly
- Completed reload, in  2.354 seconds
Platform modules already initialized, skipping
Switching build target platform(2) subTarget(0) extendedPlatform(0) -> platform(13) subTarget(589824) extendedPlatform(0)
Refreshing native plugins compatible for Editor in 1.64 ms, found 2 plugins.
Preloading 0 native plugins for Editor in 0.00 ms.
Unloading 3383 Unused Serialized files (Serialized files now loaded: 0)
System memory in use before: 229.0 MB.
System memory in use after: 229.2 MB.

Unloading 65 unused Assets to reduce memory usage. Loaded Objects now: 3830.
Total: 8.429468 ms (FindLiveObjects: 0.493282 ms CreateObjectMapping: 0.212938 ms MarkObjects: 7.654112 ms  DeleteObjects: 0.067253 ms)

AssetImportParameters requested are different than current active one (requested -> active):
  custom:graphics/normal-map-encoding: 01000000000000000000000000000000 -> 02000000000000000000000000000000
========================================================================
Received Import Request.
  Time since last request: 525.206007 seconds.
  path: Assets/08.Animation/Test.controller
  artifactKey: Guid(c7ce4937dcebd4bbd8c16cabcec1bfb0) Importer(815301076,1909f56bfc062723c751e8b465ee728b)
Start importing Assets/08.Animation/Test.controller using Guid(c7ce4937dcebd4bbd8c16cabcec1bfb0) Importer(815301076,1909f56bfc062723c751e8b465ee728b)  -> (artifact id: '711a6d5b1a5624d2351d914d0d783f96') in 0.542815 seconds
  Import took 0.549618 seconds .

========================================================================
Received Import Request.
  Time since last request: 1363.008333 seconds.
  path: Assets/08.Animation/Dolphin.controller
  artifactKey: Guid(1f5ea66a40a0547c19ebd6924d4af636) Importer(815301076,1909f56bfc062723c751e8b465ee728b)
Start importing Assets/08.Animation/Dolphin.controller using Guid(1f5ea66a40a0547c19ebd6924d4af636) Importer(815301076,1909f56bfc062723c751e8b465ee728b)  -> (artifact id: 'fc503ffb0392dd6344ae2a4dda26dc27') in 0.106241 seconds
  Import took 0.114610 seconds .

========================================================================
Received Import Request.
  Time since last request: 403.761647 seconds.
  path: Assets/08.Animation/JumpSmoothOwnPlace.anim
  artifactKey: Guid(0c7b7052010f04e24994b22a5304360d) Importer(815301076,1909f56bfc062723c751e8b465ee728b)
Start importing Assets/08.Animation/JumpSmoothOwnPlace.anim using Guid(0c7b7052010f04e24994b22a5304360d) Importer(815301076,1909f56bfc062723c751e8b465ee728b)  -> (artifact id: '3abc537e640d59901f6590adc9a09597') in 0.019453 seconds
  Import took 0.026275 seconds .

========================================================================
Received Prepare
Registering precompiled user dll's ...
Registered in 0.010938 seconds.
Begin MonoManager ReloadAssembly
Native extension for WindowsStandalone target not found
Native extension for OSXStandalone target not found
Native extension for WebGL target not found
Refreshing native plugins compatible for Editor in 1.11 ms, found 2 plugins.
Preloading 0 native plugins for Editor in 0.00 ms.
UnityEngine.Assertions.AssertionException: Assertion failure. Value was Null
Expected: Value was not Null
  at UnityEngine.Assertions.Assert.Fail (System.String message, System.String userMessage) [0x0003c] in /Users/bokken/buildslave/unity/build/Runtime/Export/Assertions/Assert/AssertBase.cs:29 
  at UnityEngine.Assertions.Assert.IsNotNull[T] (T value, System.String message) [0x00042] in /Users/bokken/buildslave/unity/build/Runtime/Export/Assertions/Assert/AssertNull.cs:50 
  at UnityEngine.Assertions.Assert.IsNotNull[T] (T value) [0x00001] in /Users/bokken/buildslave/unity/build/Runtime/Export/Assertions/Assert/AssertNull.cs:38 
  at ARFoundationRemote.Editor.ARFaceEditorMemorySafetyErrorFixer.IsFixApplied () [0x00016] in /Users/junghuh/Documents/GitHub/Unity-DialogFlow/Packages/com.kyrylokuzyk.arfoundationremote/Editor/FixesForEditorSupport/ARFaceEditorMemorySafetyErrorFixer.cs:34 
  at ARFoundationRemote.Editor.ARFaceEditorMemorySafetyErrorFixer.ApplyIfNeeded () [0x00000] in /Users/junghuh/Documents/GitHub/Unity-DialogFlow/Packages/com.kyrylokuzyk.arfoundationremote/Editor/FixesForEditorSupport/ARFaceEditorMemorySafetyErrorFixer.cs:15 
  at ARFoundationRemote.Editor.FixesForEditorSupport.Apply (System.Boolean force) [0x00012] in /Users/junghuh/Documents/GitHub/Unity-DialogFlow/Packages/com.kyrylokuzyk.arfoundationremote/Editor/FixesForEditorSupport/FixesForEditorSupport.cs:18 
  at ARFoundationRemote.Editor.FixesForEditorSupport..cctor () [0x00000] in /Users/junghuh/Documents/GitHub/Unity-DialogFlow/Packages/com.kyrylokuzyk.arfoundationremote/Editor/FixesForEditorSupport/FixesForEditorSupport.cs:11 
UnityEngine.StackTraceUtility:ExtractStackTrace () (at /Users/bokken/buildslave/unity/build/Runtime/Export/Scripting/StackTrace.cs:37)
UnityEngine.DebugLogHandler:LogFormat (UnityEngine.LogType,UnityEngine.Object,string,object[])
UnityEngine.Logger:Log (UnityEngine.LogType,object)
UnityEngine.Debug:LogError (object)
UnityEditor.EditorAssemblies:ProcessInitializeOnLoadAttributes (System.Type[]) (at /Users/bokken/buildslave/unity/build/Editor/Mono/EditorAssemblies.cs:118)

(Filename: /Users/bokken/buildslave/unity/build/Editor/Mono/EditorAssemblies.cs Line: 118)

Mono: successfully reloaded assembly
- Completed reload, in  2.068 seconds
Platform modules already initialized, skipping
Switching build target platform(2) subTarget(0) extendedPlatform(0) -> platform(13) subTarget(589824) extendedPlatform(0)
Refreshing native plugins compatible for Editor in 1.19 ms, found 2 plugins.
Preloading 0 native plugins for Editor in 0.00 ms.
Unloading 3383 Unused Serialized files (Serialized files now loaded: 0)
System memory in use before: 233.6 MB.
System memory in use after: 233.9 MB.

Unloading 65 unused Assets to reduce memory usage. Loaded Objects now: 3834.
Total: 7.845205 ms (FindLiveObjects: 0.386091 ms CreateObjectMapping: 0.179462 ms MarkObjects: 7.192945 ms  DeleteObjects: 0.085703 ms)

AssetImportParameters requested are different than current active one (requested -> active):
  custom:graphics/normal-map-encoding: 01000000000000000000000000000000 -> 02000000000000000000000000000000
========================================================================
Received Import Request.
  Time since last request: 36.819490 seconds.
  path: Assets/08.Animation/JumpSmoothStill.anim
  artifactKey: Guid(0c7b7052010f04e24994b22a5304360d) Importer(815301076,1909f56bfc062723c751e8b465ee728b)
Start importing Assets/08.Animation/JumpSmoothStill.anim using Guid(0c7b7052010f04e24994b22a5304360d) Importer(815301076,1909f56bfc062723c751e8b465ee728b)  -> (artifact id: 'ebf0cb8deb3fdc79571a49f09e9e1490') in 0.032578 seconds
  Import took 0.039597 seconds .

========================================================================
Received Import Request.
  Time since last request: 395.168653 seconds.
  path: Assets/08.Animation/JumpSmoothStill.anim
  artifactKey: Guid(0c7b7052010f04e24994b22a5304360d) Importer(815301076,1909f56bfc062723c751e8b465ee728b)
Start importing Assets/08.Animation/JumpSmoothStill.anim using Guid(0c7b7052010f04e24994b22a5304360d) Importer(815301076,1909f56bfc062723c751e8b465ee728b)  -> (artifact id: '3bc2a9f285607bd0273237b5e4494722') in 0.019428 seconds
  Import took 0.026922 seconds .

========================================================================
Received Import Request.
  Time since last request: 0.001925 seconds.
  path: Assets/08.Animation/JumpSmoothStill.anim
  artifactKey: Guid(0c7b7052010f04e24994b22a5304360d) Importer(815301076,1909f56bfc062723c751e8b465ee728b)
Start importing Assets/08.Animation/JumpSmoothStill.anim using Guid(0c7b7052010f04e24994b22a5304360d) Importer(815301076,1909f56bfc062723c751e8b465ee728b)  -> (artifact id: '3bc2a9f285607bd0273237b5e4494722') in 0.013756 seconds
  Import took 0.021814 seconds .

========================================================================
Received Import Request.
  Time since last request: 103.364804 seconds.
  path: Assets/08.Animation/Dolphin.controller
  artifactKey: Guid(1f5ea66a40a0547c19ebd6924d4af636) Importer(815301076,1909f56bfc062723c751e8b465ee728b)
Start importing Assets/08.Animation/Dolphin.controller using Guid(1f5ea66a40a0547c19ebd6924d4af636) Importer(815301076,1909f56bfc062723c751e8b465ee728b)  -> (artifact id: 'e3e32538fb12bcaf82c947f714e8b68e') in 0.062648 seconds
  Import took 0.071240 seconds .

========================================================================
Received Import Request.
  Time since last request: 226.425107 seconds.
  path: Assets/08.Animation/Dolphin.controller
  artifactKey: Guid(1f5ea66a40a0547c19ebd6924d4af636) Importer(815301076,1909f56bfc062723c751e8b465ee728b)
Start importing Assets/08.Animation/Dolphin.controller using Guid(1f5ea66a40a0547c19ebd6924d4af636) Importer(815301076,1909f56bfc062723c751e8b465ee728b)  -> (artifact id: '00506440f218f8732a9ebe0caf85bdd7') in 0.063130 seconds
  Import took 0.070867 seconds .

========================================================================
Received Import Request.
  Time since last request: 651.000672 seconds.
  path: Assets/08.Animation/JumpHigh.anim
  artifactKey: Guid(a9efc04eff2ef44b69c07375cd444d82) Importer(815301076,1909f56bfc062723c751e8b465ee728b)
Start importing Assets/08.Animation/JumpHigh.anim using Guid(a9efc04eff2ef44b69c07375cd444d82) Importer(815301076,1909f56bfc062723c751e8b465ee728b)  -> (artifact id: 'c720e3947dca233f9508882119a01fba') in 0.018853 seconds
  Import took 0.027137 seconds .

========================================================================
Received Import Request.
  Time since last request: 0.001104 seconds.
  path: Assets/08.Animation/JumpHigh.anim
  artifactKey: Guid(a9efc04eff2ef44b69c07375cd444d82) Importer(815301076,1909f56bfc062723c751e8b465ee728b)
Start importing Assets/08.Animation/JumpHigh.anim using Guid(a9efc04eff2ef44b69c07375cd444d82) Importer(815301076,1909f56bfc062723c751e8b465ee728b)  -> (artifact id: 'c720e3947dca233f9508882119a01fba') in 0.014945 seconds
  Import took 0.023024 seconds .

========================================================================
Received Prepare
Registering precompiled user dll's ...
Registered in 0.007795 seconds.
Begin MonoManager ReloadAssembly
Native extension for WindowsStandalone target not found
Native extension for OSXStandalone target not found
Native extension for WebGL target not found
Refreshing native plugins compatible for Editor in 1.24 ms, found 2 plugins.
Preloading 0 native plugins for Editor in 0.00 ms.
UnityEngine.Assertions.AssertionException: Assertion failure. Value was Null
Expected: Value was not Null
  at UnityEngine.Assertions.Assert.Fail (System.String message, System.String userMessage) [0x0003c] in /Users/bokken/buildslave/unity/build/Runtime/Export/Assertions/Assert/AssertBase.cs:29 
  at UnityEngine.Assertions.Assert.IsNotNull[T] (T value, System.String message) [0x00042] in /Users/bokken/buildslave/unity/build/Runtime/Export/Assertions/Assert/AssertNull.cs:50 
  at UnityEngine.Assertions.Assert.IsNotNull[T] (T value) [0x00001] in /Users/bokken/buildslave/unity/build/Runtime/Export/Assertions/Assert/AssertNull.cs:38 
  at ARFoundationRemote.Editor.ARFaceEditorMemorySafetyErrorFixer.IsFixApplied () [0x00016] in /Users/junghuh/Documents/GitHub/Unity-DialogFlow/Packages/com.kyrylokuzyk.arfoundationremote/Editor/FixesForEditorSupport/ARFaceEditorMemorySafetyErrorFixer.cs:34 
  at ARFoundationRemote.Editor.ARFaceEditorMemorySafetyErrorFixer.ApplyIfNeeded () [0x00000] in /Users/junghuh/Documents/GitHub/Unity-DialogFlow/Packages/com.kyrylokuzyk.arfoundationremote/Editor/FixesForEditorSupport/ARFaceEditorMemorySafetyErrorFixer.cs:15 
  at ARFoundationRemote.Editor.FixesForEditorSupport.Apply (System.Boolean force) [0x00012] in /Users/junghuh/Documents/GitHub/Unity-DialogFlow/Packages/com.kyrylokuzyk.arfoundationremote/Editor/FixesForEditorSupport/FixesForEditorSupport.cs:18 
  at ARFoundationRemote.Editor.FixesForEditorSupport..cctor () [0x00000] in /Users/junghuh/Documents/GitHub/Unity-DialogFlow/Packages/com.kyrylokuzyk.arfoundationremote/Editor/FixesForEditorSupport/FixesForEditorSupport.cs:11 
UnityEngine.StackTraceUtility:ExtractStackTrace () (at /Users/bokken/buildslave/unity/build/Runtime/Export/Scripting/StackTrace.cs:37)
UnityEngine.DebugLogHandler:LogFormat (UnityEngine.LogType,UnityEngine.Object,string,object[])
UnityEngine.Logger:Log (UnityEngine.LogType,object)
UnityEngine.Debug:LogError (object)
UnityEditor.EditorAssemblies:ProcessInitializeOnLoadAttributes (System.Type[]) (at /Users/bokken/buildslave/unity/build/Editor/Mono/EditorAssemblies.cs:118)

(Filename: /Users/bokken/buildslave/unity/build/Editor/Mono/EditorAssemblies.cs Line: 118)

Mono: successfully reloaded assembly
- Completed reload, in  2.563 seconds
Platform modules already initialized, skipping
Switching build target platform(2) subTarget(0) extendedPlatform(0) -> platform(13) subTarget(589824) extendedPlatform(0)
Refreshing native plugins compatible for Editor in 1.61 ms, found 2 plugins.
Preloading 0 native plugins for Editor in 0.00 ms.
Unloading 3383 Unused Serialized files (Serialized files now loaded: 0)
System memory in use before: 233.9 MB.
System memory in use after: 234.2 MB.

Unloading 64 unused Assets to reduce memory usage. Loaded Objects now: 3839.
Total: 10.073691 ms (FindLiveObjects: 0.627591 ms CreateObjectMapping: 0.216436 ms MarkObjects: 9.152997 ms  DeleteObjects: 0.073589 ms)

AssetImportParameters requested are different than current active one (requested -> active):
  custom:graphics/normal-map-encoding: 01000000000000000000000000000000 -> 02000000000000000000000000000000
========================================================================
Received Prepare
Registering precompiled user dll's ...
Registered in 0.008165 seconds.
Begin MonoManager ReloadAssembly
Native extension for WindowsStandalone target not found
Native extension for OSXStandalone target not found
Native extension for WebGL target not found
Refreshing native plugins compatible for Editor in 1.08 ms, found 2 plugins.
Preloading 0 native plugins for Editor in 0.00 ms.
UnityEngine.Assertions.AssertionException: Assertion failure. Value was Null
Expected: Value was not Null
  at UnityEngine.Assertions.Assert.Fail (System.String message, System.String userMessage) [0x0003c] in /Users/bokken/buildslave/unity/build/Runtime/Export/Assertions/Assert/AssertBase.cs:29 
  at UnityEngine.Assertions.Assert.IsNotNull[T] (T value, System.String message) [0x00042] in /Users/bokken/buildslave/unity/build/Runtime/Export/Assertions/Assert/AssertNull.cs:50 
  at UnityEngine.Assertions.Assert.IsNotNull[T] (T value) [0x00001] in /Users/bokken/buildslave/unity/build/Runtime/Export/Assertions/Assert/AssertNull.cs:38 
  at ARFoundationRemote.Editor.ARFaceEditorMemorySafetyErrorFixer.IsFixApplied () [0x00016] in /Users/junghuh/Documents/GitHub/Unity-DialogFlow/Packages/com.kyrylokuzyk.arfoundationremote/Editor/FixesForEditorSupport/ARFaceEditorMemorySafetyErrorFixer.cs:34 
  at ARFoundationRemote.Editor.ARFaceEditorMemorySafetyErrorFixer.ApplyIfNeeded () [0x00000] in /Users/junghuh/Documents/GitHub/Unity-DialogFlow/Packages/com.kyrylokuzyk.arfoundationremote/Editor/FixesForEditorSupport/ARFaceEditorMemorySafetyErrorFixer.cs:15 
  at ARFoundationRemote.Editor.FixesForEditorSupport.Apply (System.Boolean force) [0x00012] in /Users/junghuh/Documents/GitHub/Unity-DialogFlow/Packages/com.kyrylokuzyk.arfoundationremote/Editor/FixesForEditorSupport/FixesForEditorSupport.cs:18 
  at ARFoundationRemote.Editor.FixesForEditorSupport..cctor () [0x00000] in /Users/junghuh/Documents/GitHub/Unity-DialogFlow/Packages/com.kyrylokuzyk.arfoundationremote/Editor/FixesForEditorSupport/FixesForEditorSupport.cs:11 
UnityEngine.StackTraceUtility:ExtractStackTrace () (at /Users/bokken/buildslave/unity/build/Runtime/Export/Scripting/StackTrace.cs:37)
UnityEngine.DebugLogHandler:LogFormat (UnityEngine.LogType,UnityEngine.Object,string,object[])
UnityEngine.Logger:Log (UnityEngine.LogType,object)
UnityEngine.Debug:LogError (object)
UnityEditor.EditorAssemblies:ProcessInitializeOnLoadAttributes (System.Type[]) (at /Users/bokken/buildslave/unity/build/Editor/Mono/EditorAssemblies.cs:118)

(Filename: /Users/bokken/buildslave/unity/build/Editor/Mono/EditorAssemblies.cs Line: 118)

Mono: successfully reloaded assembly
- Completed reload, in  1.756 seconds
Platform modules already initialized, skipping
Switching build target platform(2) subTarget(0) extendedPlatform(0) -> platform(13) subTarget(589824) extendedPlatform(0)
Refreshing native plugins compatible for Editor in 1.07 ms, found 2 plugins.
Preloading 0 native plugins for Editor in 0.00 ms.
Unloading 3382 Unused Serialized files (Serialized files now loaded: 0)
System memory in use before: 233.9 MB.
System memory in use after: 234.2 MB.

Unloading 64 unused Assets to reduce memory usage. Loaded Objects now: 3843.
Total: 6.199056 ms (FindLiveObjects: 0.349885 ms CreateObjectMapping: 0.160810 ms MarkObjects: 5.659793 ms  DeleteObjects: 0.027653 ms)

AssetImportParameters requested are different than current active one (requested -> active):
  custom:graphics/normal-map-encoding: 01000000000000000000000000000000 -> 02000000000000000000000000000000
========================================================================
Received Prepare
Registering precompiled user dll's ...
Registered in 0.007558 seconds.
Begin MonoManager ReloadAssembly
Native extension for WindowsStandalone target not found
Native extension for OSXStandalone target not found
Native extension for WebGL target not found
Refreshing native plugins compatible for Editor in 1.18 ms, found 2 plugins.
Preloading 0 native plugins for Editor in 0.00 ms.
UnityEngine.Assertions.AssertionException: Assertion failure. Value was Null
Expected: Value was not Null
  at UnityEngine.Assertions.Assert.Fail (System.String message, System.String userMessage) [0x0003c] in /Users/bokken/buildslave/unity/build/Runtime/Export/Assertions/Assert/AssertBase.cs:29 
  at UnityEngine.Assertions.Assert.IsNotNull[T] (T value, System.String message) [0x00042] in /Users/bokken/buildslave/unity/build/Runtime/Export/Assertions/Assert/AssertNull.cs:50 
  at UnityEngine.Assertions.Assert.IsNotNull[T] (T value) [0x00001] in /Users/bokken/buildslave/unity/build/Runtime/Export/Assertions/Assert/AssertNull.cs:38 
  at ARFoundationRemote.Editor.ARFaceEditorMemorySafetyErrorFixer.IsFixApplied () [0x00016] in /Users/junghuh/Documents/GitHub/Unity-DialogFlow/Packages/com.kyrylokuzyk.arfoundationremote/Editor/FixesForEditorSupport/ARFaceEditorMemorySafetyErrorFixer.cs:34 
  at ARFoundationRemote.Editor.ARFaceEditorMemorySafetyErrorFixer.ApplyIfNeeded () [0x00000] in /Users/junghuh/Documents/GitHub/Unity-DialogFlow/Packages/com.kyrylokuzyk.arfoundationremote/Editor/FixesForEditorSupport/ARFaceEditorMemorySafetyErrorFixer.cs:15 
  at ARFoundationRemote.Editor.FixesForEditorSupport.Apply (System.Boolean force) [0x00012] in /Users/junghuh/Documents/GitHub/Unity-DialogFlow/Packages/com.kyrylokuzyk.arfoundationremote/Editor/FixesForEditorSupport/FixesForEditorSupport.cs:18 
  at ARFoundationRemote.Editor.FixesForEditorSupport..cctor () [0x00000] in /Users/junghuh/Documents/GitHub/Unity-DialogFlow/Packages/com.kyrylokuzyk.arfoundationremote/Editor/FixesForEditorSupport/FixesForEditorSupport.cs:11 
UnityEngine.StackTraceUtility:ExtractStackTrace () (at /Users/bokken/buildslave/unity/build/Runtime/Export/Scripting/StackTrace.cs:37)
UnityEngine.DebugLogHandler:LogFormat (UnityEngine.LogType,UnityEngine.Object,string,object[])
UnityEngine.Logger:Log (UnityEngine.LogType,object)
UnityEngine.Debug:LogError (object)
UnityEditor.EditorAssemblies:ProcessInitializeOnLoadAttributes (System.Type[]) (at /Users/bokken/buildslave/unity/build/Editor/Mono/EditorAssemblies.cs:118)

(Filename: /Users/bokken/buildslave/unity/build/Editor/Mono/EditorAssemblies.cs Line: 118)

Mono: successfully reloaded assembly
- Completed reload, in  1.792 seconds
Platform modules already initialized, skipping
Switching build target platform(2) subTarget(0) extendedPlatform(0) -> platform(13) subTarget(589824) extendedPlatform(0)
Refreshing native plugins compatible for Editor in 1.43 ms, found 2 plugins.
Preloading 0 native plugins for Editor in 0.00 ms.
Unloading 3382 Unused Serialized files (Serialized files now loaded: 0)
System memory in use before: 234.2 MB.
System memory in use after: 234.5 MB.

Unloading 64 unused Assets to reduce memory usage. Loaded Objects now: 3847.
Total: 8.258707 ms (FindLiveObjects: 0.380155 ms CreateObjectMapping: 0.199631 ms MarkObjects: 7.625522 ms  DeleteObjects: 0.051969 ms)

AssetImportParameters requested are different than current active one (requested -> active):
  custom:graphics/normal-map-encoding: 01000000000000000000000000000000 -> 02000000000000000000000000000000
========================================================================
Received Prepare
Registering precompiled user dll's ...
Registered in 0.009847 seconds.
Begin MonoManager ReloadAssembly
Native extension for WindowsStandalone target not found
Native extension for OSXStandalone target not found
Native extension for WebGL target not found
Refreshing native plugins compatible for Editor in 1.36 ms, found 2 plugins.
Preloading 0 native plugins for Editor in 0.00 ms.
UnityEngine.Assertions.AssertionException: Assertion failure. Value was Null
Expected: Value was not Null
  at UnityEngine.Assertions.Assert.Fail (System.String message, System.String userMessage) [0x0003c] in /Users/bokken/buildslave/unity/build/Runtime/Export/Assertions/Assert/AssertBase.cs:29 
  at UnityEngine.Assertions.Assert.IsNotNull[T] (T value, System.String message) [0x00042] in /Users/bokken/buildslave/unity/build/Runtime/Export/Assertions/Assert/AssertNull.cs:50 
  at UnityEngine.Assertions.Assert.IsNotNull[T] (T value) [0x00001] in /Users/bokken/buildslave/unity/build/Runtime/Export/Assertions/Assert/AssertNull.cs:38 
  at ARFoundationRemote.Editor.ARFaceEditorMemorySafetyErrorFixer.IsFixApplied () [0x00016] in /Users/junghuh/Documents/GitHub/Unity-DialogFlow/Packages/com.kyrylokuzyk.arfoundationremote/Editor/FixesForEditorSupport/ARFaceEditorMemorySafetyErrorFixer.cs:34 
  at ARFoundationRemote.Editor.ARFaceEditorMemorySafetyErrorFixer.ApplyIfNeeded () [0x00000] in /Users/junghuh/Documents/GitHub/Unity-DialogFlow/Packages/com.kyrylokuzyk.arfoundationremote/Editor/FixesForEditorSupport/ARFaceEditorMemorySafetyErrorFixer.cs:15 
  at ARFoundationRemote.Editor.FixesForEditorSupport.Apply (System.Boolean force) [0x00012] in /Users/junghuh/Documents/GitHub/Unity-DialogFlow/Packages/com.kyrylokuzyk.arfoundationremote/Editor/FixesForEditorSupport/FixesForEditorSupport.cs:18 
  at ARFoundationRemote.Editor.FixesForEditorSupport..cctor () [0x00000] in /Users/junghuh/Documents/GitHub/Unity-DialogFlow/Packages/com.kyrylokuzyk.arfoundationremote/Editor/FixesForEditorSupport/FixesForEditorSupport.cs:11 
UnityEngine.StackTraceUtility:ExtractStackTrace () (at /Users/bokken/buildslave/unity/build/Runtime/Export/Scripting/StackTrace.cs:37)
UnityEngine.DebugLogHandler:LogFormat (UnityEngine.LogType,UnityEngine.Object,string,object[])
UnityEngine.Logger:Log (UnityEngine.LogType,object)
UnityEngine.Debug:LogError (object)
UnityEditor.EditorAssemblies:ProcessInitializeOnLoadAttributes (System.Type[]) (at /Users/bokken/buildslave/unity/build/Editor/Mono/EditorAssemblies.cs:118)

(Filename: /Users/bokken/buildslave/unity/build/Editor/Mono/EditorAssemblies.cs Line: 118)

Mono: successfully reloaded assembly
- Completed reload, in  1.930 seconds
Platform modules already initialized, skipping
Switching build target platform(2) subTarget(0) extendedPlatform(0) -> platform(13) subTarget(589824) extendedPlatform(0)
Refreshing native plugins compatible for Editor in 1.07 ms, found 2 plugins.
Preloading 0 native plugins for Editor in 0.00 ms.
Unloading 3382 Unused Serialized files (Serialized files now loaded: 0)
System memory in use before: 234.5 MB.
System memory in use after: 234.7 MB.

Unloading 64 unused Assets to reduce memory usage. Loaded Objects now: 3851.
Total: 7.728291 ms (FindLiveObjects: 0.434067 ms CreateObjectMapping: 0.170209 ms MarkObjects: 7.073922 ms  DeleteObjects: 0.048549 ms)

AssetImportParameters requested are different than current active one (requested -> active):
  custom:graphics/normal-map-encoding: 01000000000000000000000000000000 -> 02000000000000000000000000000000
========================================================================
Received Prepare
Registering precompiled user dll's ...
Registered in 0.010387 seconds.
Begin MonoManager ReloadAssembly
Native extension for WindowsStandalone target not found
Native extension for OSXStandalone target not found
Native extension for WebGL target not found
Refreshing native plugins compatible for Editor in 1.08 ms, found 2 plugins.
Preloading 0 native plugins for Editor in 0.00 ms.
UnityEngine.Assertions.AssertionException: Assertion failure. Value was Null
Expected: Value was not Null
  at UnityEngine.Assertions.Assert.Fail (System.String message, System.String userMessage) [0x0003c] in /Users/bokken/buildslave/unity/build/Runtime/Export/Assertions/Assert/AssertBase.cs:29 
  at UnityEngine.Assertions.Assert.IsNotNull[T] (T value, System.String message) [0x00042] in /Users/bokken/buildslave/unity/build/Runtime/Export/Assertions/Assert/AssertNull.cs:50 
  at UnityEngine.Assertions.Assert.IsNotNull[T] (T value) [0x00001] in /Users/bokken/buildslave/unity/build/Runtime/Export/Assertions/Assert/AssertNull.cs:38 
  at ARFoundationRemote.Editor.ARFaceEditorMemorySafetyErrorFixer.IsFixApplied () [0x00016] in /Users/junghuh/Documents/GitHub/Unity-DialogFlow/Packages/com.kyrylokuzyk.arfoundationremote/Editor/FixesForEditorSupport/ARFaceEditorMemorySafetyErrorFixer.cs:34 
  at ARFoundationRemote.Editor.ARFaceEditorMemorySafetyErrorFixer.ApplyIfNeeded () [0x00000] in /Users/junghuh/Documents/GitHub/Unity-DialogFlow/Packages/com.kyrylokuzyk.arfoundationremote/Editor/FixesForEditorSupport/ARFaceEditorMemorySafetyErrorFixer.cs:15 
  at ARFoundationRemote.Editor.FixesForEditorSupport.Apply (System.Boolean force) [0x00012] in /Users/junghuh/Documents/GitHub/Unity-DialogFlow/Packages/com.kyrylokuzyk.arfoundationremote/Editor/FixesForEditorSupport/FixesForEditorSupport.cs:18 
  at ARFoundationRemote.Editor.FixesForEditorSupport..cctor () [0x00000] in /Users/junghuh/Documents/GitHub/Unity-DialogFlow/Packages/com.kyrylokuzyk.arfoundationremote/Editor/FixesForEditorSupport/FixesForEditorSupport.cs:11 
UnityEngine.StackTraceUtility:ExtractStackTrace () (at /Users/bokken/buildslave/unity/build/Runtime/Export/Scripting/StackTrace.cs:37)
UnityEngine.DebugLogHandler:LogFormat (UnityEngine.LogType,UnityEngine.Object,string,object[])
UnityEngine.Logger:Log (UnityEngine.LogType,object)
UnityEngine.Debug:LogError (object)
UnityEditor.EditorAssemblies:ProcessInitializeOnLoadAttributes (System.Type[]) (at /Users/bokken/buildslave/unity/build/Editor/Mono/EditorAssemblies.cs:118)

(Filename: /Users/bokken/buildslave/unity/build/Editor/Mono/EditorAssemblies.cs Line: 118)

Mono: successfully reloaded assembly
- Completed reload, in  1.884 seconds
Platform modules already initialized, skipping
Switching build target platform(2) subTarget(0) extendedPlatform(0) -> platform(13) subTarget(589824) extendedPlatform(0)
Refreshing native plugins compatible for Editor in 1.18 ms, found 2 plugins.
Preloading 0 native plugins for Editor in 0.00 ms.
Unloading 3382 Unused Serialized files (Serialized files now loaded: 0)
System memory in use before: 234.7 MB.
System memory in use after: 235.0 MB.

Unloading 64 unused Assets to reduce memory usage. Loaded Objects now: 3855.
Total: 6.958663 ms (FindLiveObjects: 0.380841 ms CreateObjectMapping: 0.188558 ms MarkObjects: 6.334021 ms  DeleteObjects: 0.053895 ms)

AssetImportParameters requested are different than current active one (requested -> active):
  custom:graphics/normal-map-encoding: 01000000000000000000000000000000 -> 02000000000000000000000000000000
========================================================================
Received Prepare
Registering precompiled user dll's ...
Registered in 0.013965 seconds.
Begin MonoManager ReloadAssembly
Native extension for WindowsStandalone target not found
Native extension for OSXStandalone target not found
Native extension for WebGL target not found
Refreshing native plugins compatible for Editor in 1.06 ms, found 2 plugins.
Preloading 0 native plugins for Editor in 0.00 ms.
UnityEngine.Assertions.AssertionException: Assertion failure. Value was Null
Expected: Value was not Null
  at UnityEngine.Assertions.Assert.Fail (System.String message, System.String userMessage) [0x0003c] in /Users/bokken/buildslave/unity/build/Runtime/Export/Assertions/Assert/AssertBase.cs:29 
  at UnityEngine.Assertions.Assert.IsNotNull[T] (T value, System.String message) [0x00042] in /Users/bokken/buildslave/unity/build/Runtime/Export/Assertions/Assert/AssertNull.cs:50 
  at UnityEngine.Assertions.Assert.IsNotNull[T] (T value) [0x00001] in /Users/bokken/buildslave/unity/build/Runtime/Export/Assertions/Assert/AssertNull.cs:38 
  at ARFoundationRemote.Editor.ARFaceEditorMemorySafetyErrorFixer.IsFixApplied () [0x00016] in /Users/junghuh/Documents/GitHub/Unity-DialogFlow/Packages/com.kyrylokuzyk.arfoundationremote/Editor/FixesForEditorSupport/ARFaceEditorMemorySafetyErrorFixer.cs:34 
  at ARFoundationRemote.Editor.ARFaceEditorMemorySafetyErrorFixer.ApplyIfNeeded () [0x00000] in /Users/junghuh/Documents/GitHub/Unity-DialogFlow/Packages/com.kyrylokuzyk.arfoundationremote/Editor/FixesForEditorSupport/ARFaceEditorMemorySafetyErrorFixer.cs:15 
  at ARFoundationRemote.Editor.FixesForEditorSupport.Apply (System.Boolean force) [0x00012] in /Users/junghuh/Documents/GitHub/Unity-DialogFlow/Packages/com.kyrylokuzyk.arfoundationremote/Editor/FixesForEditorSupport/FixesForEditorSupport.cs:18 
  at ARFoundationRemote.Editor.FixesForEditorSupport..cctor () [0x00000] in /Users/junghuh/Documents/GitHub/Unity-DialogFlow/Packages/com.kyrylokuzyk.arfoundationremote/Editor/FixesForEditorSupport/FixesForEditorSupport.cs:11 
UnityEngine.StackTraceUtility:ExtractStackTrace () (at /Users/bokken/buildslave/unity/build/Runtime/Export/Scripting/StackTrace.cs:37)
UnityEngine.DebugLogHandler:LogFormat (UnityEngine.LogType,UnityEngine.Object,string,object[])
UnityEngine.Logger:Log (UnityEngine.LogType,object)
UnityEngine.Debug:LogError (object)
UnityEditor.EditorAssemblies:ProcessInitializeOnLoadAttributes (System.Type[]) (at /Users/bokken/buildslave/unity/build/Editor/Mono/EditorAssemblies.cs:118)

(Filename: /Users/bokken/buildslave/unity/build/Editor/Mono/EditorAssemblies.cs Line: 118)

Mono: successfully reloaded assembly
- Completed reload, in  1.708 seconds
Platform modules already initialized, skipping
Switching build target platform(2) subTarget(0) extendedPlatform(0) -> platform(13) subTarget(589824) extendedPlatform(0)
Refreshing native plugins compatible for Editor in 1.22 ms, found 2 plugins.
Preloading 0 native plugins for Editor in 0.00 ms.
Unloading 3382 Unused Serialized files (Serialized files now loaded: 0)
System memory in use before: 235.0 MB.
System memory in use after: 235.3 MB.

Unloading 64 unused Assets to reduce memory usage. Loaded Objects now: 3859.
Total: 6.707012 ms (FindLiveObjects: 0.393975 ms CreateObjectMapping: 0.187763 ms MarkObjects: 6.089130 ms  DeleteObjects: 0.034224 ms)

AssetImportParameters requested are different than current active one (requested -> active):
  custom:graphics/normal-map-encoding: 01000000000000000000000000000000 -> 02000000000000000000000000000000
========================================================================
Received Prepare
Registering precompiled user dll's ...
Registered in 0.008624 seconds.
Begin MonoManager ReloadAssembly
Native extension for WindowsStandalone target not found
Native extension for OSXStandalone target not found
Native extension for WebGL target not found
Refreshing native plugins compatible for Editor in 1.13 ms, found 2 plugins.
Preloading 0 native plugins for Editor in 0.00 ms.
UnityEngine.Assertions.AssertionException: Assertion failure. Value was Null
Expected: Value was not Null
  at UnityEngine.Assertions.Assert.Fail (System.String message, System.String userMessage) [0x0003c] in /Users/bokken/buildslave/unity/build/Runtime/Export/Assertions/Assert/AssertBase.cs:29 
  at UnityEngine.Assertions.Assert.IsNotNull[T] (T value, System.String message) [0x00042] in /Users/bokken/buildslave/unity/build/Runtime/Export/Assertions/Assert/AssertNull.cs:50 
  at UnityEngine.Assertions.Assert.IsNotNull[T] (T value) [0x00001] in /Users/bokken/buildslave/unity/build/Runtime/Export/Assertions/Assert/AssertNull.cs:38 
  at ARFoundationRemote.Editor.ARFaceEditorMemorySafetyErrorFixer.IsFixApplied () [0x00016] in /Users/junghuh/Documents/GitHub/Unity-DialogFlow/Packages/com.kyrylokuzyk.arfoundationremote/Editor/FixesForEditorSupport/ARFaceEditorMemorySafetyErrorFixer.cs:34 
  at ARFoundationRemote.Editor.ARFaceEditorMemorySafetyErrorFixer.ApplyIfNeeded () [0x00000] in /Users/junghuh/Documents/GitHub/Unity-DialogFlow/Packages/com.kyrylokuzyk.arfoundationremote/Editor/FixesForEditorSupport/ARFaceEditorMemorySafetyErrorFixer.cs:15 
  at ARFoundationRemote.Editor.FixesForEditorSupport.Apply (System.Boolean force) [0x00012] in /Users/junghuh/Documents/GitHub/Unity-DialogFlow/Packages/com.kyrylokuzyk.arfoundationremote/Editor/FixesForEditorSupport/FixesForEditorSupport.cs:18 
  at ARFoundationRemote.Editor.FixesForEditorSupport..cctor () [0x00000] in /Users/junghuh/Documents/GitHub/Unity-DialogFlow/Packages/com.kyrylokuzyk.arfoundationremote/Editor/FixesForEditorSupport/FixesForEditorSupport.cs:11 
UnityEngine.StackTraceUtility:ExtractStackTrace () (at /Users/bokken/buildslave/unity/build/Runtime/Export/Scripting/StackTrace.cs:37)
UnityEngine.DebugLogHandler:LogFormat (UnityEngine.LogType,UnityEngine.Object,string,object[])
UnityEngine.Logger:Log (UnityEngine.LogType,object)
UnityEngine.Debug:LogError (object)
UnityEditor.EditorAssemblies:ProcessInitializeOnLoadAttributes (System.Type[]) (at /Users/bokken/buildslave/unity/build/Editor/Mono/EditorAssemblies.cs:118)

(Filename: /Users/bokken/buildslave/unity/build/Editor/Mono/EditorAssemblies.cs Line: 118)

Mono: successfully reloaded assembly
- Completed reload, in  1.814 seconds
Platform modules already initialized, skipping
Switching build target platform(2) subTarget(0) extendedPlatform(0) -> platform(13) subTarget(589824) extendedPlatform(0)
Refreshing native plugins compatible for Editor in 1.79 ms, found 2 plugins.
Preloading 0 native plugins for Editor in 0.00 ms.
Unloading 3382 Unused Serialized files (Serialized files now loaded: 0)
System memory in use before: 235.3 MB.
System memory in use after: 235.5 MB.

Unloading 64 unused Assets to reduce memory usage. Loaded Objects now: 3863.
Total: 10.326246 ms (FindLiveObjects: 0.636084 ms CreateObjectMapping: 0.239846 ms MarkObjects: 9.408190 ms  DeleteObjects: 0.040549 ms)

AssetImportParameters requested are different than current active one (requested -> active):
  custom:graphics/normal-map-encoding: 01000000000000000000000000000000 -> 02000000000000000000000000000000
========================================================================
Received Prepare
Registering precompiled user dll's ...
Registered in 0.008976 seconds.
Begin MonoManager ReloadAssembly
Native extension for WindowsStandalone target not found
Native extension for OSXStandalone target not found
Native extension for WebGL target not found
Refreshing native plugins compatible for Editor in 1.14 ms, found 2 plugins.
Preloading 0 native plugins for Editor in 0.00 ms.
UnityEngine.Assertions.AssertionException: Assertion failure. Value was Null
Expected: Value was not Null
  at UnityEngine.Assertions.Assert.Fail (System.String message, System.String userMessage) [0x0003c] in /Users/bokken/buildslave/unity/build/Runtime/Export/Assertions/Assert/AssertBase.cs:29 
  at UnityEngine.Assertions.Assert.IsNotNull[T] (T value, System.String message) [0x00042] in /Users/bokken/buildslave/unity/build/Runtime/Export/Assertions/Assert/AssertNull.cs:50 
  at UnityEngine.Assertions.Assert.IsNotNull[T] (T value) [0x00001] in /Users/bokken/buildslave/unity/build/Runtime/Export/Assertions/Assert/AssertNull.cs:38 
  at ARFoundationRemote.Editor.ARFaceEditorMemorySafetyErrorFixer.IsFixApplied () [0x00016] in /Users/junghuh/Documents/GitHub/Unity-DialogFlow/Packages/com.kyrylokuzyk.arfoundationremote/Editor/FixesForEditorSupport/ARFaceEditorMemorySafetyErrorFixer.cs:34 
  at ARFoundationRemote.Editor.ARFaceEditorMemorySafetyErrorFixer.ApplyIfNeeded () [0x00000] in /Users/junghuh/Documents/GitHub/Unity-DialogFlow/Packages/com.kyrylokuzyk.arfoundationremote/Editor/FixesForEditorSupport/ARFaceEditorMemorySafetyErrorFixer.cs:15 
  at ARFoundationRemote.Editor.FixesForEditorSupport.Apply (System.Boolean force) [0x00012] in /Users/junghuh/Documents/GitHub/Unity-DialogFlow/Packages/com.kyrylokuzyk.arfoundationremote/Editor/FixesForEditorSupport/FixesForEditorSupport.cs:18 
  at ARFoundationRemote.Editor.FixesForEditorSupport..cctor () [0x00000] in /Users/junghuh/Documents/GitHub/Unity-DialogFlow/Packages/com.kyrylokuzyk.arfoundationremote/Editor/FixesForEditorSupport/FixesForEditorSupport.cs:11 
UnityEngine.StackTraceUtility:ExtractStackTrace () (at /Users/bokken/buildslave/unity/build/Runtime/Export/Scripting/StackTrace.cs:37)
UnityEngine.DebugLogHandler:LogFormat (UnityEngine.LogType,UnityEngine.Object,string,object[])
UnityEngine.Logger:Log (UnityEngine.LogType,object)
UnityEngine.Debug:LogError (object)
UnityEditor.EditorAssemblies:ProcessInitializeOnLoadAttributes (System.Type[]) (at /Users/bokken/buildslave/unity/build/Editor/Mono/EditorAssemblies.cs:118)

(Filename: /Users/bokken/buildslave/unity/build/Editor/Mono/EditorAssemblies.cs Line: 118)

Mono: successfully reloaded assembly
- Completed reload, in  2.413 seconds
Platform modules already initialized, skipping
Switching build target platform(2) subTarget(0) extendedPlatform(0) -> platform(13) subTarget(589824) extendedPlatform(0)
Refreshing native plugins compatible for Editor in 1.13 ms, found 2 plugins.
Preloading 0 native plugins for Editor in 0.00 ms.
Unloading 3382 Unused Serialized files (Serialized files now loaded: 0)
System memory in use before: 235.6 MB.
System memory in use after: 235.8 MB.

Unloading 64 unused Assets to reduce memory usage. Loaded Objects now: 3867.
Total: 7.528882 ms (FindLiveObjects: 0.370573 ms CreateObjectMapping: 0.185804 ms MarkObjects: 6.928749 ms  DeleteObjects: 0.042347 ms)

AssetImportParameters requested are different than current active one (requested -> active):
  custom:graphics/normal-map-encoding: 01000000000000000000000000000000 -> 02000000000000000000000000000000
========================================================================
Received Prepare
Registering precompiled user dll's ...
Registered in 0.010058 seconds.
Begin MonoManager ReloadAssembly
Native extension for WindowsStandalone target not found
Native extension for OSXStandalone target not found
Native extension for WebGL target not found
Refreshing native plugins compatible for Editor in 1.07 ms, found 2 plugins.
Preloading 0 native plugins for Editor in 0.00 ms.
UnityEngine.Assertions.AssertionException: Assertion failure. Value was Null
Expected: Value was not Null
  at UnityEngine.Assertions.Assert.Fail (System.String message, System.String userMessage) [0x0003c] in /Users/bokken/buildslave/unity/build/Runtime/Export/Assertions/Assert/AssertBase.cs:29 
  at UnityEngine.Assertions.Assert.IsNotNull[T] (T value, System.String message) [0x00042] in /Users/bokken/buildslave/unity/build/Runtime/Export/Assertions/Assert/AssertNull.cs:50 
  at UnityEngine.Assertions.Assert.IsNotNull[T] (T value) [0x00001] in /Users/bokken/buildslave/unity/build/Runtime/Export/Assertions/Assert/AssertNull.cs:38 
  at ARFoundationRemote.Editor.ARFaceEditorMemorySafetyErrorFixer.IsFixApplied () [0x00016] in /Users/junghuh/Documents/GitHub/Unity-DialogFlow/Packages/com.kyrylokuzyk.arfoundationremote/Editor/FixesForEditorSupport/ARFaceEditorMemorySafetyErrorFixer.cs:34 
  at ARFoundationRemote.Editor.ARFaceEditorMemorySafetyErrorFixer.ApplyIfNeeded () [0x00000] in /Users/junghuh/Documents/GitHub/Unity-DialogFlow/Packages/com.kyrylokuzyk.arfoundationremote/Editor/FixesForEditorSupport/ARFaceEditorMemorySafetyErrorFixer.cs:15 
  at ARFoundationRemote.Editor.FixesForEditorSupport.Apply (System.Boolean force) [0x00012] in /Users/junghuh/Documents/GitHub/Unity-DialogFlow/Packages/com.kyrylokuzyk.arfoundationremote/Editor/FixesForEditorSupport/FixesForEditorSupport.cs:18 
  at ARFoundationRemote.Editor.FixesForEditorSupport..cctor () [0x00000] in /Users/junghuh/Documents/GitHub/Unity-DialogFlow/Packages/com.kyrylokuzyk.arfoundationremote/Editor/FixesForEditorSupport/FixesForEditorSupport.cs:11 
UnityEngine.StackTraceUtility:ExtractStackTrace () (at /Users/bokken/buildslave/unity/build/Runtime/Export/Scripting/StackTrace.cs:37)
UnityEngine.DebugLogHandler:LogFormat (UnityEngine.LogType,UnityEngine.Object,string,object[])
UnityEngine.Logger:Log (UnityEngine.LogType,object)
UnityEngine.Debug:LogError (object)
UnityEditor.EditorAssemblies:ProcessInitializeOnLoadAttributes (System.Type[]) (at /Users/bokken/buildslave/unity/build/Editor/Mono/EditorAssemblies.cs:118)

(Filename: /Users/bokken/buildslave/unity/build/Editor/Mono/EditorAssemblies.cs Line: 118)

Mono: successfully reloaded assembly
- Completed reload, in  1.850 seconds
Platform modules already initialized, skipping
Switching build target platform(2) subTarget(0) extendedPlatform(0) -> platform(13) subTarget(589824) extendedPlatform(0)
Refreshing native plugins compatible for Editor in 1.08 ms, found 2 plugins.
Preloading 0 native plugins for Editor in 0.00 ms.
Unloading 3382 Unused Serialized files (Serialized files now loaded: 0)
System memory in use before: 235.8 MB.
System memory in use after: 236.0 MB.

Unloading 64 unused Assets to reduce memory usage. Loaded Objects now: 3871.
Total: 7.235964 ms (FindLiveObjects: 0.402288 ms CreateObjectMapping: 0.227629 ms MarkObjects: 6.566944 ms  DeleteObjects: 0.037871 ms)

AssetImportParameters requested are different than current active one (requested -> active):
  custom:graphics/normal-map-encoding: 01000000000000000000000000000000 -> 02000000000000000000000000000000
========================================================================
Received Prepare
Registering precompiled user dll's ...
Registered in 0.008975 seconds.
Begin MonoManager ReloadAssembly
Native extension for WindowsStandalone target not found
Native extension for OSXStandalone target not found
Native extension for WebGL target not found
Refreshing native plugins compatible for Editor in 1.60 ms, found 2 plugins.
Preloading 0 native plugins for Editor in 0.00 ms.
UnityEngine.Assertions.AssertionException: Assertion failure. Value was Null
Expected: Value was not Null
  at UnityEngine.Assertions.Assert.Fail (System.String message, System.String userMessage) [0x0003c] in /Users/bokken/buildslave/unity/build/Runtime/Export/Assertions/Assert/AssertBase.cs:29 
  at UnityEngine.Assertions.Assert.IsNotNull[T] (T value, System.String message) [0x00042] in /Users/bokken/buildslave/unity/build/Runtime/Export/Assertions/Assert/AssertNull.cs:50 
  at UnityEngine.Assertions.Assert.IsNotNull[T] (T value) [0x00001] in /Users/bokken/buildslave/unity/build/Runtime/Export/Assertions/Assert/AssertNull.cs:38 
  at ARFoundationRemote.Editor.ARFaceEditorMemorySafetyErrorFixer.IsFixApplied () [0x00016] in /Users/junghuh/Documents/GitHub/Unity-DialogFlow/Packages/com.kyrylokuzyk.arfoundationremote/Editor/FixesForEditorSupport/ARFaceEditorMemorySafetyErrorFixer.cs:34 
  at ARFoundationRemote.Editor.ARFaceEditorMemorySafetyErrorFixer.ApplyIfNeeded () [0x00000] in /Users/junghuh/Documents/GitHub/Unity-DialogFlow/Packages/com.kyrylokuzyk.arfoundationremote/Editor/FixesForEditorSupport/ARFaceEditorMemorySafetyErrorFixer.cs:15 
  at ARFoundationRemote.Editor.FixesForEditorSupport.Apply (System.Boolean force) [0x00012] in /Users/junghuh/Documents/GitHub/Unity-DialogFlow/Packages/com.kyrylokuzyk.arfoundationremote/Editor/FixesForEditorSupport/FixesForEditorSupport.cs:18 
  at ARFoundationRemote.Editor.FixesForEditorSupport..cctor () [0x00000] in /Users/junghuh/Documents/GitHub/Unity-DialogFlow/Packages/com.kyrylokuzyk.arfoundationremote/Editor/FixesForEditorSupport/FixesForEditorSupport.cs:11 
UnityEngine.StackTraceUtility:ExtractStackTrace () (at /Users/bokken/buildslave/unity/build/Runtime/Export/Scripting/StackTrace.cs:37)
UnityEngine.DebugLogHandler:LogFormat (UnityEngine.LogType,UnityEngine.Object,string,object[])
UnityEngine.Logger:Log (UnityEngine.LogType,object)
UnityEngine.Debug:LogError (object)
UnityEditor.EditorAssemblies:ProcessInitializeOnLoadAttributes (System.Type[]) (at /Users/bokken/buildslave/unity/build/Editor/Mono/EditorAssemblies.cs:118)

(Filename: /Users/bokken/buildslave/unity/build/Editor/Mono/EditorAssemblies.cs Line: 118)

Mono: successfully reloaded assembly
- Completed reload, in  1.896 seconds
Platform modules already initialized, skipping
Switching build target platform(2) subTarget(0) extendedPlatform(0) -> platform(13) subTarget(589824) extendedPlatform(0)
Refreshing native plugins compatible for Editor in 1.11 ms, found 2 plugins.
Preloading 0 native plugins for Editor in 0.00 ms.
Unloading 3382 Unused Serialized files (Serialized files now loaded: 0)
System memory in use before: 236.1 MB.
System memory in use after: 236.3 MB.

Unloading 64 unused Assets to reduce memory usage. Loaded Objects now: 3875.
Total: 6.831637 ms (FindLiveObjects: 0.488831 ms CreateObjectMapping: 0.284660 ms MarkObjects: 6.022942 ms  DeleteObjects: 0.033839 ms)

AssetImportParameters requested are different than current active one (requested -> active):
  custom:graphics/normal-map-encoding: 01000000000000000000000000000000 -> 02000000000000000000000000000000
========================================================================
Received Prepare
Registering precompiled user dll's ...
Registered in 0.017627 seconds.
AssetImportWorkerClient::OnTransportError - code=2 error=End of file
