Using pre-set license

 COMMAND LINE ARGUMENTS:
/Applications/Unity/Hub/Editor/2020.3.11f1/Unity.app/Contents/MacOS/Unity
-adb2
-batchMode
-noUpm
-name
AssetImportWorker5
-projectPath
/Users/junghuh/Documents/GitHub/Unity-DialogFlow
-logFile
Logs/AssetImportWorker5.log
-srvPort
57762
Successfully changed project path to: /Users/junghuh/Documents/GitHub/Unity-DialogFlow
/Users/junghuh/Documents/GitHub/Unity-DialogFlow
Using Asset Import Pipeline V2.
Refreshing native plugins compatible for Editor in 192.03 ms, found 2 plugins.
Preloading 0 native plugins for Editor in 0.00 ms.
Initialize engine version: 2020.3.11f1 (99c7afb366b3)
[Subsystems] Discovering subsystems at path /Applications/Unity/Hub/Editor/2020.3.11f1/Unity.app/Contents/Resources/UnitySubsystems
[Subsystems] Discovering subsystems at path /Users/junghuh/Documents/GitHub/Unity-DialogFlow/Assets
GfxDevice: creating device client; threaded=0
2022-04-26 08:15:40.500 Unity[82907:68060435] Color LCD preferred device: AMD Radeon Pro 460 (high power)
2022-04-26 08:15:40.500 Unity[82907:68060435] Metal devices available: 2
2022-04-26 08:15:40.500 Unity[82907:68060435] 0: AMD Radeon Pro 460 (high power)
2022-04-26 08:15:40.500 Unity[82907:68060435] 1: Intel(R) HD Graphics 530 (low power)
2022-04-26 08:15:40.501 Unity[82907:68060435] Using device AMD Radeon Pro 460 (high power)
Initializing Metal device caps: AMD Radeon Pro 460
Initialize mono
Mono path[0] = '/Applications/Unity/Hub/Editor/2020.3.11f1/Unity.app/Contents/Managed'
Mono path[1] = '/Applications/Unity/Hub/Editor/2020.3.11f1/Unity.app/Contents/MonoBleedingEdge/lib/mono/unityjit'
Mono config path = '/Applications/Unity/Hub/Editor/2020.3.11f1/Unity.app/Contents/MonoBleedingEdge/etc'
Using monoOptions --debugger-agent=transport=dt_socket,embedding=1,server=y,suspend=n,address=127.0.0.1:56907
Begin MonoManager ReloadAssembly
Registering precompiled unity dll's ...
Register platform support module: /Applications/Unity/Hub/Editor/2020.3.11f1/PlaybackEngines/WebGLSupport/UnityEditor.WebGL.Extensions.dll
Register platform support module: /Applications/Unity/Hub/Editor/2020.3.11f1/Unity.app/Contents/PlaybackEngines/MacStandaloneSupport/UnityEditor.OSXStandalone.Extensions.dll
Register platform support module: /Applications/Unity/Hub/Editor/2020.3.11f1/PlaybackEngines/WindowsStandaloneSupport/UnityEditor.WindowsStandalone.Extensions.dll
Registered in 0.003778 seconds.
Native extension for WindowsStandalone target not found
Native extension for OSXStandalone target not found
Native extension for WebGL target not found
Refreshing native plugins compatible for Editor in 202.69 ms, found 2 plugins.
Preloading 0 native plugins for Editor in 0.00 ms.
Mono: successfully reloaded assembly
- Completed reload, in  7.491 seconds
Platform modules already initialized, skipping
Registering precompiled user dll's ...
Registered in 0.015250 seconds.
Begin MonoManager ReloadAssembly
Native extension for WindowsStandalone target not found
Native extension for OSXStandalone target not found
Native extension for WebGL target not found
Refreshing native plugins compatible for Editor in 271.73 ms, found 2 plugins.
Preloading 0 native plugins for Editor in 0.00 ms.
UnityEngine.Assertions.AssertionException: Assertion failure. Value was Null
Expected: Value was not Null
  at UnityEngine.Assertions.Assert.Fail (System.String message, System.String userMessage) [0x0003c] in /Users/bokken/buildslave/unity/build/Runtime/Export/Assertions/Assert/AssertBase.cs:29 
  at UnityEngine.Assertions.Assert.IsNotNull[T] (T value, System.String message) [0x00042] in /Users/bokken/buildslave/unity/build/Runtime/Export/Assertions/Assert/AssertNull.cs:50 
  at UnityEngine.Assertions.Assert.IsNotNull[T] (T value) [0x00001] in /Users/bokken/buildslave/unity/build/Runtime/Export/Assertions/Assert/AssertNull.cs:38 
  at ARFoundationRemote.Editor.ARFaceEditorMemorySafetyErrorFixer.IsFixApplied () [0x00016] in /Users/junghuh/Documents/GitHub/Unity-DialogFlow/Packages/com.kyrylokuzyk.arfoundationremote/Editor/FixesForEditorSupport/ARFaceEditorMemorySafetyErrorFixer.cs:34 
  at ARFoundationRemote.Editor.ARFaceEditorMemorySafetyErrorFixer.ApplyIfNeeded () [0x00000] in /Users/junghuh/Documents/GitHub/Unity-DialogFlow/Packages/com.kyrylokuzyk.arfoundationremote/Editor/FixesForEditorSupport/ARFaceEditorMemorySafetyErrorFixer.cs:15 
  at ARFoundationRemote.Editor.FixesForEditorSupport.Apply (System.Boolean force) [0x00012] in /Users/junghuh/Documents/GitHub/Unity-DialogFlow/Packages/com.kyrylokuzyk.arfoundationremote/Editor/FixesForEditorSupport/FixesForEditorSupport.cs:18 
  at ARFoundationRemote.Editor.FixesForEditorSupport..cctor () [0x00000] in /Users/junghuh/Documents/GitHub/Unity-DialogFlow/Packages/com.kyrylokuzyk.arfoundationremote/Editor/FixesForEditorSupport/FixesForEditorSupport.cs:11 
UnityEngine.StackTraceUtility:ExtractStackTrace () (at /Users/bokken/buildslave/unity/build/Runtime/Export/Scripting/StackTrace.cs:37)
UnityEngine.DebugLogHandler:LogFormat (UnityEngine.LogType,UnityEngine.Object,string,object[])
UnityEngine.Logger:Log (UnityEngine.LogType,object)
UnityEngine.Debug:LogError (object)
UnityEditor.EditorAssemblies:ProcessInitializeOnLoadAttributes (System.Type[]) (at /Users/bokken/buildslave/unity/build/Editor/Mono/EditorAssemblies.cs:118)

(Filename: /Users/bokken/buildslave/unity/build/Editor/Mono/EditorAssemblies.cs Line: 118)

Mono: successfully reloaded assembly
- Completed reload, in  3.180 seconds
Platform modules already initialized, skipping
========================================================================
Worker process is ready to serve import requests
Launching external process: /Applications/Unity/Hub/Editor/2020.3.11f1/Unity.app/Contents/Tools/UnityShaderCompiler
Launched and connected shader compiler UnityShaderCompiler after 0.02 seconds
Refreshing native plugins compatible for Editor in 1.13 ms, found 2 plugins.
Preloading 0 native plugins for Editor in 0.00 ms.
Unloading 3427 Unused Serialized files (Serialized files now loaded: 0)
System memory in use before: 234.4 MB.
System memory in use after: 234.6 MB.

Unloading 75 unused Assets to reduce memory usage. Loaded Objects now: 3833.
Total: 8.163575 ms (FindLiveObjects: 0.523440 ms CreateObjectMapping: 0.233724 ms MarkObjects: 7.265549 ms  DeleteObjects: 0.139407 ms)

========================================================================
Received Import Request.
  path: Assets/01.Scenes/01.DolphinCaptivity/Squeak.unity
  artifactKey: Guid(ec764459b3f7f47358e4f10a7574b7c5) Importer(815301076,1909f56bfc062723c751e8b465ee728b)
Start importing Assets/01.Scenes/01.DolphinCaptivity/Squeak.unity using Guid(ec764459b3f7f47358e4f10a7574b7c5) Importer(815301076,1909f56bfc062723c751e8b465ee728b)  -> (artifact id: '30298f8cfb2e5722a38fc074d529ae99') in 0.026026 seconds
  Import took 0.037645 seconds .

========================================================================
Received Import Request.
  Time since last request: 0.006800 seconds.
  path: Assets/03.Prefabs/AR Plane Debug Visualizer.prefab
  artifactKey: Guid(f0e0be81472ff1243aa2afa27e5d0e61) Importer(815301076,1909f56bfc062723c751e8b465ee728b)
Start importing Assets/03.Prefabs/AR Plane Debug Visualizer.prefab using Guid(f0e0be81472ff1243aa2afa27e5d0e61) Importer(815301076,1909f56bfc062723c751e8b465ee728b)  -> (artifact id: '22fa06267d5e6fe8b17b685b65227f4e') in 3.557285 seconds
  Import took 3.589913 seconds .

========================================================================
Received Import Request.
  Time since last request: 615.874204 seconds.
  path: Assets/03.Prefabs/01.Custom/Dolphin.prefab
  artifactKey: Guid(d060c65cfee2f401e9bb7322bb04df49) Importer(815301076,1909f56bfc062723c751e8b465ee728b)
Start importing Assets/03.Prefabs/01.Custom/Dolphin.prefab using Guid(d060c65cfee2f401e9bb7322bb04df49) Importer(815301076,1909f56bfc062723c751e8b465ee728b)  -> (artifact id: 'e69ab3aefaef025b8e8c4e8ec11a4d38') in 1.407673 seconds
  Import took 1.535320 seconds .

========================================================================
Received Prepare
Registering precompiled user dll's ...
Registered in 0.015855 seconds.
Begin MonoManager ReloadAssembly
Native extension for WindowsStandalone target not found
Native extension for OSXStandalone target not found
Native extension for WebGL target not found
Refreshing native plugins compatible for Editor in 1.86 ms, found 2 plugins.
Preloading 0 native plugins for Editor in 0.00 ms.
UnityEngine.Assertions.AssertionException: Assertion failure. Value was Null
Expected: Value was not Null
  at UnityEngine.Assertions.Assert.Fail (System.String message, System.String userMessage) [0x0003c] in /Users/bokken/buildslave/unity/build/Runtime/Export/Assertions/Assert/AssertBase.cs:29 
  at UnityEngine.Assertions.Assert.IsNotNull[T] (T value, System.String message) [0x00042] in /Users/bokken/buildslave/unity/build/Runtime/Export/Assertions/Assert/AssertNull.cs:50 
  at UnityEngine.Assertions.Assert.IsNotNull[T] (T value) [0x00001] in /Users/bokken/buildslave/unity/build/Runtime/Export/Assertions/Assert/AssertNull.cs:38 
  at ARFoundationRemote.Editor.ARFaceEditorMemorySafetyErrorFixer.IsFixApplied () [0x00016] in /Users/junghuh/Documents/GitHub/Unity-DialogFlow/Packages/com.kyrylokuzyk.arfoundationremote/Editor/FixesForEditorSupport/ARFaceEditorMemorySafetyErrorFixer.cs:34 
  at ARFoundationRemote.Editor.ARFaceEditorMemorySafetyErrorFixer.ApplyIfNeeded () [0x00000] in /Users/junghuh/Documents/GitHub/Unity-DialogFlow/Packages/com.kyrylokuzyk.arfoundationremote/Editor/FixesForEditorSupport/ARFaceEditorMemorySafetyErrorFixer.cs:15 
  at ARFoundationRemote.Editor.FixesForEditorSupport.Apply (System.Boolean force) [0x00012] in /Users/junghuh/Documents/GitHub/Unity-DialogFlow/Packages/com.kyrylokuzyk.arfoundationremote/Editor/FixesForEditorSupport/FixesForEditorSupport.cs:18 
  at ARFoundationRemote.Editor.FixesForEditorSupport..cctor () [0x00000] in /Users/junghuh/Documents/GitHub/Unity-DialogFlow/Packages/com.kyrylokuzyk.arfoundationremote/Editor/FixesForEditorSupport/FixesForEditorSupport.cs:11 
UnityEngine.StackTraceUtility:ExtractStackTrace () (at /Users/bokken/buildslave/unity/build/Runtime/Export/Scripting/StackTrace.cs:37)
UnityEngine.DebugLogHandler:LogFormat (UnityEngine.LogType,UnityEngine.Object,string,object[])
UnityEngine.Logger:Log (UnityEngine.LogType,object)
UnityEngine.Debug:LogError (object)
UnityEditor.EditorAssemblies:ProcessInitializeOnLoadAttributes (System.Type[]) (at /Users/bokken/buildslave/unity/build/Editor/Mono/EditorAssemblies.cs:118)

(Filename: /Users/bokken/buildslave/unity/build/Editor/Mono/EditorAssemblies.cs Line: 118)

Mono: successfully reloaded assembly
- Completed reload, in  4.011 seconds
Platform modules already initialized, skipping
Switching build target platform(2) subTarget(0) extendedPlatform(0) -> platform(13) subTarget(589824) extendedPlatform(0)
Refreshing native plugins compatible for Editor in 1.37 ms, found 2 plugins.
Preloading 0 native plugins for Editor in 0.00 ms.
Unloading 3387 Unused Serialized files (Serialized files now loaded: 0)
System memory in use before: 248.3 MB.
System memory in use after: 248.6 MB.

Unloading 64 unused Assets to reduce memory usage. Loaded Objects now: 3845.
Total: 8.067443 ms (FindLiveObjects: 1.843981 ms CreateObjectMapping: 0.372703 ms MarkObjects: 5.798720 ms  DeleteObjects: 0.050478 ms)

AssetImportParameters requested are different than current active one (requested -> active):
  custom:graphics/normal-map-encoding: 01000000000000000000000000000000 -> 02000000000000000000000000000000
========================================================================
Received Prepare
Registering precompiled user dll's ...
Registered in 0.011607 seconds.
Begin MonoManager ReloadAssembly
Native extension for WindowsStandalone target not found
Native extension for OSXStandalone target not found
Native extension for WebGL target not found
Refreshing native plugins compatible for Editor in 1.26 ms, found 2 plugins.
Preloading 0 native plugins for Editor in 0.00 ms.
UnityEngine.Assertions.AssertionException: Assertion failure. Value was Null
Expected: Value was not Null
  at UnityEngine.Assertions.Assert.Fail (System.String message, System.String userMessage) [0x0003c] in /Users/bokken/buildslave/unity/build/Runtime/Export/Assertions/Assert/AssertBase.cs:29 
  at UnityEngine.Assertions.Assert.IsNotNull[T] (T value, System.String message) [0x00042] in /Users/bokken/buildslave/unity/build/Runtime/Export/Assertions/Assert/AssertNull.cs:50 
  at UnityEngine.Assertions.Assert.IsNotNull[T] (T value) [0x00001] in /Users/bokken/buildslave/unity/build/Runtime/Export/Assertions/Assert/AssertNull.cs:38 
  at ARFoundationRemote.Editor.ARFaceEditorMemorySafetyErrorFixer.IsFixApplied () [0x00016] in /Users/junghuh/Documents/GitHub/Unity-DialogFlow/Packages/com.kyrylokuzyk.arfoundationremote/Editor/FixesForEditorSupport/ARFaceEditorMemorySafetyErrorFixer.cs:34 
  at ARFoundationRemote.Editor.ARFaceEditorMemorySafetyErrorFixer.ApplyIfNeeded () [0x00000] in /Users/junghuh/Documents/GitHub/Unity-DialogFlow/Packages/com.kyrylokuzyk.arfoundationremote/Editor/FixesForEditorSupport/ARFaceEditorMemorySafetyErrorFixer.cs:15 
  at ARFoundationRemote.Editor.FixesForEditorSupport.Apply (System.Boolean force) [0x00012] in /Users/junghuh/Documents/GitHub/Unity-DialogFlow/Packages/com.kyrylokuzyk.arfoundationremote/Editor/FixesForEditorSupport/FixesForEditorSupport.cs:18 
  at ARFoundationRemote.Editor.FixesForEditorSupport..cctor () [0x00000] in /Users/junghuh/Documents/GitHub/Unity-DialogFlow/Packages/com.kyrylokuzyk.arfoundationremote/Editor/FixesForEditorSupport/FixesForEditorSupport.cs:11 
UnityEngine.StackTraceUtility:ExtractStackTrace () (at /Users/bokken/buildslave/unity/build/Runtime/Export/Scripting/StackTrace.cs:37)
UnityEngine.DebugLogHandler:LogFormat (UnityEngine.LogType,UnityEngine.Object,string,object[])
UnityEngine.Logger:Log (UnityEngine.LogType,object)
UnityEngine.Debug:LogError (object)
UnityEditor.EditorAssemblies:ProcessInitializeOnLoadAttributes (System.Type[]) (at /Users/bokken/buildslave/unity/build/Editor/Mono/EditorAssemblies.cs:118)

(Filename: /Users/bokken/buildslave/unity/build/Editor/Mono/EditorAssemblies.cs Line: 118)

Mono: successfully reloaded assembly
- Completed reload, in  2.211 seconds
Platform modules already initialized, skipping
Switching build target platform(2) subTarget(0) extendedPlatform(0) -> platform(13) subTarget(589824) extendedPlatform(0)
Refreshing native plugins compatible for Editor in 1.51 ms, found 2 plugins.
Preloading 0 native plugins for Editor in 0.00 ms.
Unloading 3387 Unused Serialized files (Serialized files now loaded: 0)
System memory in use before: 248.6 MB.
System memory in use after: 248.9 MB.

Unloading 64 unused Assets to reduce memory usage. Loaded Objects now: 3849.
Total: 7.330040 ms (FindLiveObjects: 0.547068 ms CreateObjectMapping: 0.228000 ms MarkObjects: 6.499365 ms  DeleteObjects: 0.054391 ms)

AssetImportParameters requested are different than current active one (requested -> active):
  custom:graphics/normal-map-encoding: 01000000000000000000000000000000 -> 02000000000000000000000000000000
========================================================================
Received Prepare
Registering precompiled user dll's ...
Registered in 0.008454 seconds.
Begin MonoManager ReloadAssembly
Native extension for WindowsStandalone target not found
Native extension for OSXStandalone target not found
Native extension for WebGL target not found
Refreshing native plugins compatible for Editor in 1.17 ms, found 2 plugins.
Preloading 0 native plugins for Editor in 0.00 ms.
UnityEngine.Assertions.AssertionException: Assertion failure. Value was Null
Expected: Value was not Null
  at UnityEngine.Assertions.Assert.Fail (System.String message, System.String userMessage) [0x0003c] in /Users/bokken/buildslave/unity/build/Runtime/Export/Assertions/Assert/AssertBase.cs:29 
  at UnityEngine.Assertions.Assert.IsNotNull[T] (T value, System.String message) [0x00042] in /Users/bokken/buildslave/unity/build/Runtime/Export/Assertions/Assert/AssertNull.cs:50 
  at UnityEngine.Assertions.Assert.IsNotNull[T] (T value) [0x00001] in /Users/bokken/buildslave/unity/build/Runtime/Export/Assertions/Assert/AssertNull.cs:38 
  at ARFoundationRemote.Editor.ARFaceEditorMemorySafetyErrorFixer.IsFixApplied () [0x00016] in /Users/junghuh/Documents/GitHub/Unity-DialogFlow/Packages/com.kyrylokuzyk.arfoundationremote/Editor/FixesForEditorSupport/ARFaceEditorMemorySafetyErrorFixer.cs:34 
  at ARFoundationRemote.Editor.ARFaceEditorMemorySafetyErrorFixer.ApplyIfNeeded () [0x00000] in /Users/junghuh/Documents/GitHub/Unity-DialogFlow/Packages/com.kyrylokuzyk.arfoundationremote/Editor/FixesForEditorSupport/ARFaceEditorMemorySafetyErrorFixer.cs:15 
  at ARFoundationRemote.Editor.FixesForEditorSupport.Apply (System.Boolean force) [0x00012] in /Users/junghuh/Documents/GitHub/Unity-DialogFlow/Packages/com.kyrylokuzyk.arfoundationremote/Editor/FixesForEditorSupport/FixesForEditorSupport.cs:18 
  at ARFoundationRemote.Editor.FixesForEditorSupport..cctor () [0x00000] in /Users/junghuh/Documents/GitHub/Unity-DialogFlow/Packages/com.kyrylokuzyk.arfoundationremote/Editor/FixesForEditorSupport/FixesForEditorSupport.cs:11 
UnityEngine.StackTraceUtility:ExtractStackTrace () (at /Users/bokken/buildslave/unity/build/Runtime/Export/Scripting/StackTrace.cs:37)
UnityEngine.DebugLogHandler:LogFormat (UnityEngine.LogType,UnityEngine.Object,string,object[])
UnityEngine.Logger:Log (UnityEngine.LogType,object)
UnityEngine.Debug:LogError (object)
UnityEditor.EditorAssemblies:ProcessInitializeOnLoadAttributes (System.Type[]) (at /Users/bokken/buildslave/unity/build/Editor/Mono/EditorAssemblies.cs:118)

(Filename: /Users/bokken/buildslave/unity/build/Editor/Mono/EditorAssemblies.cs Line: 118)

Mono: successfully reloaded assembly
- Completed reload, in  2.158 seconds
Platform modules already initialized, skipping
Switching build target platform(2) subTarget(0) extendedPlatform(0) -> platform(13) subTarget(589824) extendedPlatform(0)
Refreshing native plugins compatible for Editor in 1.45 ms, found 2 plugins.
Preloading 0 native plugins for Editor in 0.00 ms.
Unloading 3387 Unused Serialized files (Serialized files now loaded: 0)
System memory in use before: 248.9 MB.
System memory in use after: 249.2 MB.

Unloading 64 unused Assets to reduce memory usage. Loaded Objects now: 3853.
Total: 8.382259 ms (FindLiveObjects: 0.475091 ms CreateObjectMapping: 0.217089 ms MarkObjects: 7.621166 ms  DeleteObjects: 0.067279 ms)

AssetImportParameters requested are different than current active one (requested -> active):
  custom:graphics/normal-map-encoding: 01000000000000000000000000000000 -> 02000000000000000000000000000000
AssetImportWorkerClient::OnTransportError - code=2 error=End of file
