Using pre-set license

 COMMAND LINE ARGUMENTS:
/Applications/Unity/Hub/Editor/2020.3.11f1/Unity.app/Contents/MacOS/Unity
-adb2
-batchMode
-noUpm
-name
AssetImportWorker0
-projectPath
/Users/junghuh/Documents/Unity-DialogflowV2Agents-master
-logFile
Logs/AssetImportWorker0.log
-srvPort
57743
Successfully changed project path to: /Users/junghuh/Documents/Unity-DialogflowV2Agents-master
/Users/junghuh/Documents/Unity-DialogflowV2Agents-master
Using Asset Import Pipeline V2.
Refreshing native plugins compatible for Editor in 69.77 ms, found 2 plugins.
Preloading 0 native plugins for Editor in 0.00 ms.
Initialize engine version: 2020.3.11f1 (99c7afb366b3)
[Subsystems] Discovering subsystems at path /Applications/Unity/Hub/Editor/2020.3.11f1/Unity.app/Contents/Resources/UnitySubsystems
[Subsystems] Discovering subsystems at path /Users/junghuh/Documents/Unity-DialogflowV2Agents-master/Assets
GfxDevice: creating device client; threaded=0
2022-03-21 19:52:20.730 Unity[35025:4761469] Color LCD preferred device: AMD Radeon Pro 460 (high power)
2022-03-21 19:52:20.730 Unity[35025:4761469] Metal devices available: 2
2022-03-21 19:52:20.730 Unity[35025:4761469] 0: AMD Radeon Pro 460 (high power)
2022-03-21 19:52:20.730 Unity[35025:4761469] 1: Intel(R) HD Graphics 530 (low power)
2022-03-21 19:52:20.731 Unity[35025:4761469] Using device AMD Radeon Pro 460 (high power)
Initializing Metal device caps: AMD Radeon Pro 460
Initialize mono
Mono path[0] = '/Applications/Unity/Hub/Editor/2020.3.11f1/Unity.app/Contents/Managed'
Mono path[1] = '/Applications/Unity/Hub/Editor/2020.3.11f1/Unity.app/Contents/MonoBleedingEdge/lib/mono/unityjit'
Mono config path = '/Applications/Unity/Hub/Editor/2020.3.11f1/Unity.app/Contents/MonoBleedingEdge/etc'
Using monoOptions --debugger-agent=transport=dt_socket,embedding=1,server=y,suspend=n,address=127.0.0.1:56025
Begin MonoManager ReloadAssembly
Registering precompiled unity dll's ...
Register platform support module: /Applications/Unity/Hub/Editor/2020.3.11f1/PlaybackEngines/WebGLSupport/UnityEditor.WebGL.Extensions.dll
Register platform support module: /Applications/Unity/Hub/Editor/2020.3.11f1/Unity.app/Contents/PlaybackEngines/MacStandaloneSupport/UnityEditor.OSXStandalone.Extensions.dll
Register platform support module: /Applications/Unity/Hub/Editor/2020.3.11f1/PlaybackEngines/WindowsStandaloneSupport/UnityEditor.WindowsStandalone.Extensions.dll
Registered in 0.009694 seconds.
Native extension for WindowsStandalone target not found
Native extension for OSXStandalone target not found
Native extension for WebGL target not found
Refreshing native plugins compatible for Editor in 57.32 ms, found 2 plugins.
Preloading 0 native plugins for Editor in 0.00 ms.
Mono: successfully reloaded assembly
- Completed reload, in  6.254 seconds
Platform modules already initialized, skipping
Registering precompiled user dll's ...
Registered in 0.014299 seconds.
Begin MonoManager ReloadAssembly
Native extension for WindowsStandalone target not found
Native extension for OSXStandalone target not found
Native extension for WebGL target not found
Refreshing native plugins compatible for Editor in 0.84 ms, found 2 plugins.
Preloading 0 native plugins for Editor in 0.00 ms.
Mono: successfully reloaded assembly
- Completed reload, in  2.058 seconds
Platform modules already initialized, skipping
========================================================================
Worker process is ready to serve import requests
Launching external process: /Applications/Unity/Hub/Editor/2020.3.11f1/Unity.app/Contents/Tools/UnityShaderCompiler
Launched and connected shader compiler UnityShaderCompiler after 0.02 seconds
Refreshing native plugins compatible for Editor in 0.68 ms, found 2 plugins.
Preloading 0 native plugins for Editor in 0.00 ms.
Unloading 2088 Unused Serialized files (Serialized files now loaded: 0)
System memory in use before: 165.7 MB.
System memory in use after: 165.8 MB.

Unloading 62 unused Assets to reduce memory usage. Loaded Objects now: 2490.
Total: 5.696385 ms (FindLiveObjects: 0.298510 ms CreateObjectMapping: 0.132007 ms MarkObjects: 5.186427 ms  DeleteObjects: 0.078337 ms)

========================================================================
Received Import Request.
  path: Assets/DF2AccessSettings/SmartRPGShopClientSettings.asset
  artifactKey: Guid(0f3fbb4f72398ea4da132620e497e9bf) Importer(815301076,1909f56bfc062723c751e8b465ee728b)
Start importing Assets/DF2AccessSettings/SmartRPGShopClientSettings.asset using Guid(0f3fbb4f72398ea4da132620e497e9bf) Importer(815301076,1909f56bfc062723c751e8b465ee728b)  -> (artifact id: 'db59f77ea74589e429a40ff37603bd5f') in 1.800204 seconds
  Import took 1.804344 seconds .

========================================================================
Received Prepare
Registering precompiled user dll's ...
Registered in 0.017772 seconds.
Begin MonoManager ReloadAssembly
Native extension for WindowsStandalone target not found
Native extension for OSXStandalone target not found
Native extension for WebGL target not found
Refreshing native plugins compatible for Editor in 0.95 ms, found 2 plugins.
Preloading 0 native plugins for Editor in 0.00 ms.
Mono: successfully reloaded assembly
- Completed reload, in  2.058 seconds
Platform modules already initialized, skipping
Refreshing native plugins compatible for Editor in 0.80 ms, found 2 plugins.
Preloading 0 native plugins for Editor in 0.00 ms.
Unloading 2082 Unused Serialized files (Serialized files now loaded: 0)
System memory in use before: 170.2 MB.
System memory in use after: 170.3 MB.

Unloading 53 unused Assets to reduce memory usage. Loaded Objects now: 2493.
Total: 6.177219 ms (FindLiveObjects: 0.213814 ms CreateObjectMapping: 0.077880 ms MarkObjects: 5.847103 ms  DeleteObjects: 0.037108 ms)

========================================================================
Received Import Request.
  Time since last request: 116.641440 seconds.
  path: Assets/Scripts/DialogflowV2Agents/Syrus.Plugins.DialogflowV2Agents.asmdef
  artifactKey: Guid(c7a0378603bc74d4e8bb1e99cadc92e0) Importer(815301076,1909f56bfc062723c751e8b465ee728b)
Start importing Assets/Scripts/DialogflowV2Agents/Syrus.Plugins.DialogflowV2Agents.asmdef using Guid(c7a0378603bc74d4e8bb1e99cadc92e0) Importer(815301076,1909f56bfc062723c751e8b465ee728b)  -> (artifact id: 'ea085aaa560cdc1adb452d3a0c9ac33e') in 0.415640 seconds
  Import took 0.419998 seconds .

========================================================================
Received Import Request.
  Time since last request: 4.274799 seconds.
  path: Assets/Scripts/DialogflowV2Agents/ServiceSettings.cs
  artifactKey: Guid(5ac7fee57eff4fd41b486ac3d14f32f4) Importer(815301076,1909f56bfc062723c751e8b465ee728b)
Start importing Assets/Scripts/DialogflowV2Agents/ServiceSettings.cs using Guid(5ac7fee57eff4fd41b486ac3d14f32f4) Importer(815301076,1909f56bfc062723c751e8b465ee728b)  -> (artifact id: '9da79571bee8e384d725d3c2a8763bed') in 0.766518 seconds
  Import took 0.771171 seconds .

========================================================================
Received Prepare
Registering precompiled user dll's ...
Registered in 0.014748 seconds.
Begin MonoManager ReloadAssembly
Native extension for WindowsStandalone target not found
Native extension for OSXStandalone target not found
Native extension for WebGL target not found
Refreshing native plugins compatible for Editor in 0.81 ms, found 2 plugins.
Preloading 0 native plugins for Editor in 0.00 ms.
Mono: successfully reloaded assembly
- Completed reload, in  1.615 seconds
Platform modules already initialized, skipping
Refreshing native plugins compatible for Editor in 0.72 ms, found 2 plugins.
Preloading 0 native plugins for Editor in 0.00 ms.
Unloading 2082 Unused Serialized files (Serialized files now loaded: 0)
System memory in use before: 178.8 MB.
System memory in use after: 179.0 MB.

Unloading 53 unused Assets to reduce memory usage. Loaded Objects now: 2496.
Total: 5.508701 ms (FindLiveObjects: 0.213245 ms CreateObjectMapping: 0.079826 ms MarkObjects: 5.187342 ms  DeleteObjects: 0.027392 ms)

========================================================================
Received Prepare
Registering precompiled user dll's ...
Registered in 0.013537 seconds.
Begin MonoManager ReloadAssembly
Native extension for WindowsStandalone target not found
Native extension for OSXStandalone target not found
Native extension for WebGL target not found
Refreshing native plugins compatible for Editor in 1.33 ms, found 2 plugins.
Preloading 0 native plugins for Editor in 0.00 ms.
Mono: successfully reloaded assembly
- Completed reload, in  1.806 seconds
Platform modules already initialized, skipping
Refreshing native plugins compatible for Editor in 0.73 ms, found 2 plugins.
Preloading 0 native plugins for Editor in 0.00 ms.
Unloading 2082 Unused Serialized files (Serialized files now loaded: 0)
System memory in use before: 179.0 MB.
System memory in use after: 179.2 MB.

Unloading 53 unused Assets to reduce memory usage. Loaded Objects now: 2499.
Total: 5.581778 ms (FindLiveObjects: 0.198819 ms CreateObjectMapping: 0.073614 ms MarkObjects: 5.283738 ms  DeleteObjects: 0.024760 ms)

========================================================================
Received Prepare
Registering precompiled user dll's ...
Registered in 0.013255 seconds.
Begin MonoManager ReloadAssembly
Native extension for WindowsStandalone target not found
Native extension for OSXStandalone target not found
Native extension for WebGL target not found
Refreshing native plugins compatible for Editor in 0.78 ms, found 2 plugins.
Preloading 0 native plugins for Editor in 0.00 ms.
Mono: successfully reloaded assembly
- Completed reload, in  1.495 seconds
Platform modules already initialized, skipping
Refreshing native plugins compatible for Editor in 0.72 ms, found 2 plugins.
Preloading 0 native plugins for Editor in 0.00 ms.
Unloading 2082 Unused Serialized files (Serialized files now loaded: 0)
System memory in use before: 179.2 MB.
System memory in use after: 179.3 MB.

Unloading 53 unused Assets to reduce memory usage. Loaded Objects now: 2502.
Total: 5.886460 ms (FindLiveObjects: 0.211253 ms CreateObjectMapping: 0.075346 ms MarkObjects: 5.551559 ms  DeleteObjects: 0.046355 ms)

========================================================================
Received Prepare
Registering precompiled user dll's ...
Registered in 0.019235 seconds.
Begin MonoManager ReloadAssembly
Native extension for WindowsStandalone target not found
Native extension for OSXStandalone target not found
Native extension for WebGL target not found
Refreshing native plugins compatible for Editor in 0.77 ms, found 2 plugins.
Preloading 0 native plugins for Editor in 0.00 ms.
Mono: successfully reloaded assembly
- Completed reload, in  1.612 seconds
Platform modules already initialized, skipping
Refreshing native plugins compatible for Editor in 0.73 ms, found 2 plugins.
Preloading 0 native plugins for Editor in 0.00 ms.
Unloading 2082 Unused Serialized files (Serialized files now loaded: 0)
System memory in use before: 179.5 MB.
System memory in use after: 179.6 MB.

Unloading 53 unused Assets to reduce memory usage. Loaded Objects now: 2505.
Total: 6.039970 ms (FindLiveObjects: 0.240004 ms CreateObjectMapping: 0.093676 ms MarkObjects: 5.669122 ms  DeleteObjects: 0.035827 ms)

========================================================================
Received Prepare
Registering precompiled user dll's ...
Registered in 0.012097 seconds.
Begin MonoManager ReloadAssembly
Native extension for WindowsStandalone target not found
Native extension for OSXStandalone target not found
Native extension for WebGL target not found
Refreshing native plugins compatible for Editor in 0.90 ms, found 2 plugins.
Preloading 0 native plugins for Editor in 0.00 ms.
Mono: successfully reloaded assembly
- Completed reload, in  1.630 seconds
Platform modules already initialized, skipping
Refreshing native plugins compatible for Editor in 0.84 ms, found 2 plugins.
Preloading 0 native plugins for Editor in 0.00 ms.
Unloading 2082 Unused Serialized files (Serialized files now loaded: 0)
System memory in use before: 179.6 MB.
System memory in use after: 179.8 MB.

Unloading 53 unused Assets to reduce memory usage. Loaded Objects now: 2508.
Total: 7.780728 ms (FindLiveObjects: 0.335379 ms CreateObjectMapping: 0.148856 ms MarkObjects: 7.254963 ms  DeleteObjects: 0.039828 ms)

========================================================================
Received Import Request.
  Time since last request: 987.359769 seconds.
  path: Assets/DF2AccessSettings/SmartRPGShopClientSettings.asset
  artifactKey: Guid(0f3fbb4f72398ea4da132620e497e9bf) Importer(815301076,1909f56bfc062723c751e8b465ee728b)
Start importing Assets/DF2AccessSettings/SmartRPGShopClientSettings.asset using Guid(0f3fbb4f72398ea4da132620e497e9bf) Importer(815301076,1909f56bfc062723c751e8b465ee728b)  -> (artifact id: '331e8b3174eaabd5cbfbcfe936a01324') in 0.034077 seconds
  Import took 0.039399 seconds .

========================================================================
Received Prepare
Registering precompiled user dll's ...
Registered in 0.016491 seconds.
Begin MonoManager ReloadAssembly
Native extension for WindowsStandalone target not found
Native extension for OSXStandalone target not found
Native extension for WebGL target not found
Refreshing native plugins compatible for Editor in 0.80 ms, found 2 plugins.
Preloading 0 native plugins for Editor in 0.00 ms.
Mono: successfully reloaded assembly
- Completed reload, in  2.181 seconds
Platform modules already initialized, skipping
Refreshing native plugins compatible for Editor in 0.78 ms, found 2 plugins.
Preloading 0 native plugins for Editor in 0.00 ms.
Unloading 2082 Unused Serialized files (Serialized files now loaded: 0)
System memory in use before: 179.9 MB.
System memory in use after: 180.0 MB.

Unloading 53 unused Assets to reduce memory usage. Loaded Objects now: 2511.
Total: 6.225907 ms (FindLiveObjects: 0.355219 ms CreateObjectMapping: 0.120347 ms MarkObjects: 5.684333 ms  DeleteObjects: 0.064348 ms)

========================================================================
Received Prepare
Registering precompiled user dll's ...
Registered in 0.016545 seconds.
Begin MonoManager ReloadAssembly
Native extension for WindowsStandalone target not found
Native extension for OSXStandalone target not found
Native extension for WebGL target not found
Refreshing native plugins compatible for Editor in 0.85 ms, found 2 plugins.
Preloading 0 native plugins for Editor in 0.00 ms.
Mono: successfully reloaded assembly
- Completed reload, in  2.540 seconds
Platform modules already initialized, skipping
Refreshing native plugins compatible for Editor in 0.74 ms, found 2 plugins.
Preloading 0 native plugins for Editor in 0.00 ms.
Unloading 2082 Unused Serialized files (Serialized files now loaded: 0)
System memory in use before: 180.1 MB.
System memory in use after: 180.2 MB.

Unloading 53 unused Assets to reduce memory usage. Loaded Objects now: 2514.
Total: 6.360225 ms (FindLiveObjects: 0.229369 ms CreateObjectMapping: 0.079470 ms MarkObjects: 5.919657 ms  DeleteObjects: 0.130406 ms)

========================================================================
Received Prepare
Registering precompiled user dll's ...
Registered in 0.015474 seconds.
Begin MonoManager ReloadAssembly
Native extension for WindowsStandalone target not found
Native extension for OSXStandalone target not found
Native extension for WebGL target not found
Refreshing native plugins compatible for Editor in 0.76 ms, found 2 plugins.
Preloading 0 native plugins for Editor in 0.00 ms.
Mono: successfully reloaded assembly
- Completed reload, in  1.610 seconds
Platform modules already initialized, skipping
Refreshing native plugins compatible for Editor in 0.75 ms, found 2 plugins.
Preloading 0 native plugins for Editor in 0.00 ms.
Unloading 2082 Unused Serialized files (Serialized files now loaded: 0)
System memory in use before: 180.3 MB.
System memory in use after: 180.4 MB.

Unloading 53 unused Assets to reduce memory usage. Loaded Objects now: 2517.
Total: 6.255105 ms (FindLiveObjects: 0.228342 ms CreateObjectMapping: 0.130062 ms MarkObjects: 5.861199 ms  DeleteObjects: 0.033751 ms)

========================================================================
Received Prepare
Registering precompiled user dll's ...
Registered in 0.014677 seconds.
Begin MonoManager ReloadAssembly
Native extension for WindowsStandalone target not found
Native extension for OSXStandalone target not found
Native extension for WebGL target not found
Refreshing native plugins compatible for Editor in 1.05 ms, found 2 plugins.
Preloading 0 native plugins for Editor in 0.00 ms.
Mono: successfully reloaded assembly
- Completed reload, in  1.850 seconds
Platform modules already initialized, skipping
Refreshing native plugins compatible for Editor in 0.74 ms, found 2 plugins.
Preloading 0 native plugins for Editor in 0.00 ms.
Unloading 2082 Unused Serialized files (Serialized files now loaded: 0)
System memory in use before: 180.5 MB.
System memory in use after: 180.6 MB.

Unloading 53 unused Assets to reduce memory usage. Loaded Objects now: 2520.
Total: 5.951985 ms (FindLiveObjects: 0.228662 ms CreateObjectMapping: 0.083742 ms MarkObjects: 5.607967 ms  DeleteObjects: 0.030428 ms)

========================================================================
Received Prepare
Registering precompiled user dll's ...
Registered in 0.013890 seconds.
Begin MonoManager ReloadAssembly
Native extension for WindowsStandalone target not found
Native extension for OSXStandalone target not found
Native extension for WebGL target not found
Refreshing native plugins compatible for Editor in 0.72 ms, found 2 plugins.
Preloading 0 native plugins for Editor in 0.00 ms.
Mono: successfully reloaded assembly
- Completed reload, in  1.406 seconds
Platform modules already initialized, skipping
Refreshing native plugins compatible for Editor in 0.72 ms, found 2 plugins.
Preloading 0 native plugins for Editor in 0.00 ms.
Unloading 2082 Unused Serialized files (Serialized files now loaded: 0)
System memory in use before: 180.7 MB.
System memory in use after: 180.9 MB.

Unloading 53 unused Assets to reduce memory usage. Loaded Objects now: 2523.
Total: 6.432249 ms (FindLiveObjects: 0.267317 ms CreateObjectMapping: 0.090046 ms MarkObjects: 6.037291 ms  DeleteObjects: 0.035972 ms)

========================================================================
Received Prepare
Registering precompiled user dll's ...
Registered in 0.015923 seconds.
Begin MonoManager ReloadAssembly
Native extension for WindowsStandalone target not found
Native extension for OSXStandalone target not found
Native extension for WebGL target not found
Refreshing native plugins compatible for Editor in 0.86 ms, found 2 plugins.
Preloading 0 native plugins for Editor in 0.00 ms.
Mono: successfully reloaded assembly
- Completed reload, in  1.999 seconds
Platform modules already initialized, skipping
Refreshing native plugins compatible for Editor in 0.76 ms, found 2 plugins.
Preloading 0 native plugins for Editor in 0.00 ms.
Unloading 2082 Unused Serialized files (Serialized files now loaded: 0)
System memory in use before: 180.9 MB.
System memory in use after: 181.1 MB.

Unloading 53 unused Assets to reduce memory usage. Loaded Objects now: 2526.
Total: 5.532784 ms (FindLiveObjects: 0.235338 ms CreateObjectMapping: 0.090348 ms MarkObjects: 5.177840 ms  DeleteObjects: 0.028327 ms)

========================================================================
Received Prepare
Registering precompiled user dll's ...
Registered in 0.016823 seconds.
Begin MonoManager ReloadAssembly
Native extension for WindowsStandalone target not found
Native extension for OSXStandalone target not found
Native extension for WebGL target not found
Refreshing native plugins compatible for Editor in 0.91 ms, found 2 plugins.
Preloading 0 native plugins for Editor in 0.00 ms.
Mono: successfully reloaded assembly
- Completed reload, in  1.826 seconds
Platform modules already initialized, skipping
Refreshing native plugins compatible for Editor in 0.78 ms, found 2 plugins.
Preloading 0 native plugins for Editor in 0.00 ms.
Unloading 2082 Unused Serialized files (Serialized files now loaded: 0)
System memory in use before: 181.2 MB.
System memory in use after: 181.3 MB.

Unloading 53 unused Assets to reduce memory usage. Loaded Objects now: 2529.
Total: 6.813747 ms (FindLiveObjects: 0.237724 ms CreateObjectMapping: 0.085814 ms MarkObjects: 6.453128 ms  DeleteObjects: 0.035618 ms)

========================================================================
Received Prepare
Registering precompiled user dll's ...
Registered in 0.009124 seconds.
Begin MonoManager ReloadAssembly
Native extension for WindowsStandalone target not found
Native extension for OSXStandalone target not found
Native extension for WebGL target not found
Refreshing native plugins compatible for Editor in 0.72 ms, found 2 plugins.
Preloading 0 native plugins for Editor in 0.00 ms.
Mono: successfully reloaded assembly
- Completed reload, in  1.623 seconds
Platform modules already initialized, skipping
Refreshing native plugins compatible for Editor in 0.74 ms, found 2 plugins.
Preloading 0 native plugins for Editor in 0.00 ms.
Unloading 2082 Unused Serialized files (Serialized files now loaded: 0)
System memory in use before: 181.4 MB.
System memory in use after: 181.5 MB.

Unloading 53 unused Assets to reduce memory usage. Loaded Objects now: 2532.
Total: 5.792900 ms (FindLiveObjects: 0.217876 ms CreateObjectMapping: 0.082277 ms MarkObjects: 5.460560 ms  DeleteObjects: 0.031006 ms)

========================================================================
Received Prepare
Registering precompiled user dll's ...
Registered in 0.016963 seconds.
Begin MonoManager ReloadAssembly
Native extension for WindowsStandalone target not found
Native extension for OSXStandalone target not found
Native extension for WebGL target not found
Refreshing native plugins compatible for Editor in 0.72 ms, found 2 plugins.
Preloading 0 native plugins for Editor in 0.00 ms.
Mono: successfully reloaded assembly
- Completed reload, in  1.620 seconds
Platform modules already initialized, skipping
Refreshing native plugins compatible for Editor in 0.78 ms, found 2 plugins.
Preloading 0 native plugins for Editor in 0.00 ms.
Unloading 2082 Unused Serialized files (Serialized files now loaded: 0)
System memory in use before: 181.6 MB.
System memory in use after: 181.7 MB.

Unloading 53 unused Assets to reduce memory usage. Loaded Objects now: 2535.
Total: 7.526916 ms (FindLiveObjects: 0.224099 ms CreateObjectMapping: 0.079830 ms MarkObjects: 7.175924 ms  DeleteObjects: 0.044682 ms)

========================================================================
Received Prepare
Registering precompiled user dll's ...
Registered in 0.011641 seconds.
Begin MonoManager ReloadAssembly
Native extension for WindowsStandalone target not found
Native extension for OSXStandalone target not found
Native extension for WebGL target not found
Refreshing native plugins compatible for Editor in 0.70 ms, found 2 plugins.
Preloading 0 native plugins for Editor in 0.00 ms.
Mono: successfully reloaded assembly
- Completed reload, in  1.480 seconds
Platform modules already initialized, skipping
Refreshing native plugins compatible for Editor in 0.73 ms, found 2 plugins.
Preloading 0 native plugins for Editor in 0.00 ms.
Unloading 2082 Unused Serialized files (Serialized files now loaded: 0)
System memory in use before: 181.8 MB.
System memory in use after: 181.9 MB.

Unloading 53 unused Assets to reduce memory usage. Loaded Objects now: 2538.
Total: 5.970226 ms (FindLiveObjects: 0.214392 ms CreateObjectMapping: 0.077953 ms MarkObjects: 5.645280 ms  DeleteObjects: 0.031521 ms)

========================================================================
Received Prepare
Registering precompiled user dll's ...
Registered in 0.014652 seconds.
Begin MonoManager ReloadAssembly
Native extension for WindowsStandalone target not found
Native extension for OSXStandalone target not found
Native extension for WebGL target not found
Refreshing native plugins compatible for Editor in 0.72 ms, found 2 plugins.
Preloading 0 native plugins for Editor in 0.00 ms.
Mono: successfully reloaded assembly
- Completed reload, in  1.437 seconds
Platform modules already initialized, skipping
Refreshing native plugins compatible for Editor in 0.80 ms, found 2 plugins.
Preloading 0 native plugins for Editor in 0.00 ms.
Unloading 2082 Unused Serialized files (Serialized files now loaded: 0)
System memory in use before: 182.0 MB.
System memory in use after: 182.1 MB.

Unloading 53 unused Assets to reduce memory usage. Loaded Objects now: 2541.
Total: 5.969350 ms (FindLiveObjects: 0.226707 ms CreateObjectMapping: 0.080593 ms MarkObjects: 5.624957 ms  DeleteObjects: 0.035766 ms)

========================================================================
Received Prepare
Registering precompiled user dll's ...
Registered in 0.012502 seconds.
Begin MonoManager ReloadAssembly
Native extension for WindowsStandalone target not found
Native extension for OSXStandalone target not found
Native extension for WebGL target not found
Refreshing native plugins compatible for Editor in 0.84 ms, found 2 plugins.
Preloading 0 native plugins for Editor in 0.00 ms.
Mono: successfully reloaded assembly
- Completed reload, in  1.459 seconds
Platform modules already initialized, skipping
Refreshing native plugins compatible for Editor in 0.82 ms, found 2 plugins.
Preloading 0 native plugins for Editor in 0.00 ms.
Unloading 2082 Unused Serialized files (Serialized files now loaded: 0)
System memory in use before: 182.2 MB.
System memory in use after: 182.3 MB.

Unloading 53 unused Assets to reduce memory usage. Loaded Objects now: 2544.
Total: 8.097668 ms (FindLiveObjects: 0.246555 ms CreateObjectMapping: 0.116981 ms MarkObjects: 7.675450 ms  DeleteObjects: 0.056791 ms)

