Using pre-set license

 COMMAND LINE ARGUMENTS:
/Applications/Unity/Hub/Editor/2020.3.11f1/Unity.app/Contents/MacOS/Unity
-adb2
-batchMode
-noUpm
-name
AssetImportWorker0
-projectPath
/Users/junghuh/Documents/GitHub/Unity-DialogFlow
-logFile
Logs/AssetImportWorker0.log
-srvPort
52209
Successfully changed project path to: /Users/junghuh/Documents/GitHub/Unity-DialogFlow
/Users/junghuh/Documents/GitHub/Unity-DialogFlow
Using Asset Import Pipeline V2.
Refreshing native plugins compatible for Editor in 98.51 ms, found 2 plugins.
Preloading 0 native plugins for Editor in 0.00 ms.
Initialize engine version: 2020.3.11f1 (99c7afb366b3)
[Subsystems] Discovering subsystems at path /Applications/Unity/Hub/Editor/2020.3.11f1/Unity.app/Contents/Resources/UnitySubsystems
[Subsystems] Discovering subsystems at path /Users/junghuh/Documents/GitHub/Unity-DialogFlow/Assets
GfxDevice: creating device client; threaded=0
2022-03-27 21:06:16.369 Unity[23412:63386778] Color LCD preferred device: AMD Radeon Pro 460 (high power)
2022-03-27 21:06:16.369 Unity[23412:63386778] Metal devices available: 2
2022-03-27 21:06:16.369 Unity[23412:63386778] 0: AMD Radeon Pro 460 (high power)
2022-03-27 21:06:16.369 Unity[23412:63386778] 1: Intel(R) HD Graphics 530 (low power)
2022-03-27 21:06:16.369 Unity[23412:63386778] Using device AMD Radeon Pro 460 (high power)
Initializing Metal device caps: AMD Radeon Pro 460
Initialize mono
Mono path[0] = '/Applications/Unity/Hub/Editor/2020.3.11f1/Unity.app/Contents/Managed'
Mono path[1] = '/Applications/Unity/Hub/Editor/2020.3.11f1/Unity.app/Contents/MonoBleedingEdge/lib/mono/unityjit'
Mono config path = '/Applications/Unity/Hub/Editor/2020.3.11f1/Unity.app/Contents/MonoBleedingEdge/etc'
Using monoOptions --debugger-agent=transport=dt_socket,embedding=1,server=y,suspend=n,address=127.0.0.1:56412
Begin MonoManager ReloadAssembly
Registering precompiled unity dll's ...
Register platform support module: /Applications/Unity/Hub/Editor/2020.3.11f1/PlaybackEngines/WebGLSupport/UnityEditor.WebGL.Extensions.dll
Register platform support module: /Applications/Unity/Hub/Editor/2020.3.11f1/Unity.app/Contents/PlaybackEngines/MacStandaloneSupport/UnityEditor.OSXStandalone.Extensions.dll
Register platform support module: /Applications/Unity/Hub/Editor/2020.3.11f1/PlaybackEngines/WindowsStandaloneSupport/UnityEditor.WindowsStandalone.Extensions.dll
Registered in 0.001809 seconds.
Native extension for WindowsStandalone target not found
Native extension for OSXStandalone target not found
Native extension for WebGL target not found
Refreshing native plugins compatible for Editor in 86.13 ms, found 2 plugins.
Preloading 0 native plugins for Editor in 0.00 ms.
Mono: successfully reloaded assembly
- Completed reload, in  5.393 seconds
Platform modules already initialized, skipping
Registering precompiled user dll's ...
Registered in 0.011805 seconds.
Begin MonoManager ReloadAssembly
Native extension for WindowsStandalone target not found
Native extension for OSXStandalone target not found
Native extension for WebGL target not found
Refreshing native plugins compatible for Editor in 79.10 ms, found 2 plugins.
Preloading 0 native plugins for Editor in 0.00 ms.
UnityEngine.Assertions.AssertionException: Assertion failure. Value was Null
Expected: Value was not Null
  at UnityEngine.Assertions.Assert.Fail (System.String message, System.String userMessage) [0x0003c] in /Users/bokken/buildslave/unity/build/Runtime/Export/Assertions/Assert/AssertBase.cs:29 
  at UnityEngine.Assertions.Assert.IsNotNull[T] (T value, System.String message) [0x00042] in /Users/bokken/buildslave/unity/build/Runtime/Export/Assertions/Assert/AssertNull.cs:50 
  at UnityEngine.Assertions.Assert.IsNotNull[T] (T value) [0x00001] in /Users/bokken/buildslave/unity/build/Runtime/Export/Assertions/Assert/AssertNull.cs:38 
  at ARFoundationRemote.Editor.ARFaceEditorMemorySafetyErrorFixer.IsFixApplied () [0x00016] in /Users/junghuh/Documents/GitHub/Unity-DialogFlow/Packages/com.kyrylokuzyk.arfoundationremote/Editor/FixesForEditorSupport/ARFaceEditorMemorySafetyErrorFixer.cs:34 
  at ARFoundationRemote.Editor.ARFaceEditorMemorySafetyErrorFixer.ApplyIfNeeded () [0x00000] in /Users/junghuh/Documents/GitHub/Unity-DialogFlow/Packages/com.kyrylokuzyk.arfoundationremote/Editor/FixesForEditorSupport/ARFaceEditorMemorySafetyErrorFixer.cs:15 
  at ARFoundationRemote.Editor.FixesForEditorSupport.Apply (System.Boolean force) [0x00012] in /Users/junghuh/Documents/GitHub/Unity-DialogFlow/Packages/com.kyrylokuzyk.arfoundationremote/Editor/FixesForEditorSupport/FixesForEditorSupport.cs:18 
  at ARFoundationRemote.Editor.FixesForEditorSupport..cctor () [0x00000] in /Users/junghuh/Documents/GitHub/Unity-DialogFlow/Packages/com.kyrylokuzyk.arfoundationremote/Editor/FixesForEditorSupport/FixesForEditorSupport.cs:11 
UnityEngine.StackTraceUtility:ExtractStackTrace () (at /Users/bokken/buildslave/unity/build/Runtime/Export/Scripting/StackTrace.cs:37)
UnityEngine.DebugLogHandler:LogFormat (UnityEngine.LogType,UnityEngine.Object,string,object[])
UnityEngine.Logger:Log (UnityEngine.LogType,object)
UnityEngine.Debug:LogError (object)
UnityEditor.EditorAssemblies:ProcessInitializeOnLoadAttributes (System.Type[]) (at /Users/bokken/buildslave/unity/build/Editor/Mono/EditorAssemblies.cs:118)

(Filename: /Users/bokken/buildslave/unity/build/Editor/Mono/EditorAssemblies.cs Line: 118)

