Using pre-set license

 COMMAND LINE ARGUMENTS:
/Applications/Unity/Hub/Editor/2020.3.11f1/Unity.app/Contents/MacOS/Unity
-adb2
-batchMode
-noUpm
-name
AssetImportWorker3
-projectPath
/Users/junghuh/Documents/GitHub/Unity-DialogFlow
-logFile
Logs/AssetImportWorker3.log
-srvPort
59686
Successfully changed project path to: /Users/junghuh/Documents/GitHub/Unity-DialogFlow
/Users/junghuh/Documents/GitHub/Unity-DialogFlow
Using Asset Import Pipeline V2.
Refreshing native plugins compatible for Editor in 232.35 ms, found 2 plugins.
Preloading 0 native plugins for Editor in 0.00 ms.
Initialize engine version: 2020.3.11f1 (99c7afb366b3)
[Subsystems] Discovering subsystems at path /Applications/Unity/Hub/Editor/2020.3.11f1/Unity.app/Contents/Resources/UnitySubsystems
[Subsystems] Discovering subsystems at path /Users/junghuh/Documents/GitHub/Unity-DialogFlow/Assets
GfxDevice: creating device client; threaded=0
2022-03-22 00:00:47.850 Unity[42209:5223509] Color LCD preferred device: AMD Radeon Pro 460 (high power)
2022-03-22 00:00:47.850 Unity[42209:5223509] Metal devices available: 2
2022-03-22 00:00:47.851 Unity[42209:5223509] 0: AMD Radeon Pro 460 (high power)
2022-03-22 00:00:47.851 Unity[42209:5223509] 1: Intel(R) HD Graphics 530 (low power)
2022-03-22 00:00:47.851 Unity[42209:5223509] Using device AMD Radeon Pro 460 (high power)
Initializing Metal device caps: AMD Radeon Pro 460
Initialize mono
Mono path[0] = '/Applications/Unity/Hub/Editor/2020.3.11f1/Unity.app/Contents/Managed'
Mono path[1] = '/Applications/Unity/Hub/Editor/2020.3.11f1/Unity.app/Contents/MonoBleedingEdge/lib/mono/unityjit'
Mono config path = '/Applications/Unity/Hub/Editor/2020.3.11f1/Unity.app/Contents/MonoBleedingEdge/etc'
Using monoOptions --debugger-agent=transport=dt_socket,embedding=1,server=y,suspend=n,address=127.0.0.1:56209
Begin MonoManager ReloadAssembly
Registering precompiled unity dll's ...
Register platform support module: /Applications/Unity/Hub/Editor/2020.3.11f1/PlaybackEngines/WebGLSupport/UnityEditor.WebGL.Extensions.dll
Register platform support module: /Applications/Unity/Hub/Editor/2020.3.11f1/Unity.app/Contents/PlaybackEngines/MacStandaloneSupport/UnityEditor.OSXStandalone.Extensions.dll
Register platform support module: /Applications/Unity/Hub/Editor/2020.3.11f1/PlaybackEngines/WindowsStandaloneSupport/UnityEditor.WindowsStandalone.Extensions.dll
Registered in 0.004343 seconds.
Native extension for WindowsStandalone target not found
Native extension for OSXStandalone target not found
Native extension for WebGL target not found
Refreshing native plugins compatible for Editor in 93.53 ms, found 2 plugins.
Preloading 0 native plugins for Editor in 0.00 ms.
Mono: successfully reloaded assembly
- Completed reload, in  5.738 seconds
Platform modules already initialized, skipping
Registering precompiled user dll's ...
Registered in 0.013366 seconds.
Begin MonoManager ReloadAssembly
Native extension for WindowsStandalone target not found
Native extension for OSXStandalone target not found
Native extension for WebGL target not found
Refreshing native plugins compatible for Editor in 82.27 ms, found 2 plugins.
Preloading 0 native plugins for Editor in 0.00 ms.
Mono: successfully reloaded assembly
- Completed reload, in  2.249 seconds
Platform modules already initialized, skipping
========================================================================
Worker process is ready to serve import requests
Launching external process: /Applications/Unity/Hub/Editor/2020.3.11f1/Unity.app/Contents/Tools/UnityShaderCompiler
Launched and connected shader compiler UnityShaderCompiler after 0.02 seconds
Refreshing native plugins compatible for Editor in 1.11 ms, found 2 plugins.
Preloading 0 native plugins for Editor in 0.00 ms.
Unloading 3165 Unused Serialized files (Serialized files now loaded: 0)
System memory in use before: 209.8 MB.
System memory in use after: 210.0 MB.

Unloading 68 unused Assets to reduce memory usage. Loaded Objects now: 3566.
Total: 8.581526 ms (FindLiveObjects: 0.624330 ms CreateObjectMapping: 0.256006 ms MarkObjects: 7.580268 ms  DeleteObjects: 0.119106 ms)

========================================================================
Received Import Request.
  path: Assets/XR/Settings
  artifactKey: Guid(d08129d115d394f5b93153783c5bbf3e) Importer(815301076,1909f56bfc062723c751e8b465ee728b)
Start importing Assets/XR/Settings using Guid(d08129d115d394f5b93153783c5bbf3e) Importer(815301076,1909f56bfc062723c751e8b465ee728b)  -> (artifact id: '0858d832d4af877f7b907d7cd3032447') in 0.006507 seconds
  Import took 0.012591 seconds .

========================================================================
Received Import Request.
  Time since last request: 0.000289 seconds.
  path: Assets/XR/Loaders
  artifactKey: Guid(7f96d75dc03e74ae18c8cbddc1a8ccc0) Importer(815301076,1909f56bfc062723c751e8b465ee728b)
Start importing Assets/XR/Loaders using Guid(7f96d75dc03e74ae18c8cbddc1a8ccc0) Importer(815301076,1909f56bfc062723c751e8b465ee728b)  -> (artifact id: '822e50550a3a143fc742ea389e227e2b') in 0.002127 seconds
  Import took 0.007734 seconds .

========================================================================
Received Prepare
Refreshing native plugins compatible for Editor in 1365.92 ms, found 2 plugins.
Preloading 0 native plugins for Editor in 0.00 ms.
Unloading 54 Unused Serialized files (Serialized files now loaded: 0)
System memory in use before: 148.2 MB.
System memory in use after: 148.4 MB.

Unloading 54 unused Assets to reduce memory usage. Loaded Objects now: 3566.
Total: 8.353847 ms (FindLiveObjects: 0.419540 ms CreateObjectMapping: 0.194356 ms MarkObjects: 7.675828 ms  DeleteObjects: 0.061293 ms)

========================================================================
Received Import Request.
  Time since last request: 949.032980 seconds.
  path: Assets/01.Scenes/ARKit/ARCollaborationData/AnchorInfoManager.cs
  artifactKey: Guid(d6a1e9f83a6cd403486e67390f5f486c) Importer(815301076,1909f56bfc062723c751e8b465ee728b)
Start importing Assets/01.Scenes/ARKit/ARCollaborationData/AnchorInfoManager.cs using Guid(d6a1e9f83a6cd403486e67390f5f486c) Importer(815301076,1909f56bfc062723c751e8b465ee728b)  -> (artifact id: 'dd0dfe9721b57b9c49125245db5530ee') in 0.590918 seconds
  Import took 0.599530 seconds .

========================================================================
Received Import Request.
  Time since last request: 87.905111 seconds.
  path: Assets/01.Scenes/ARKit/ARCollaborationData/Colorizer.cs
  artifactKey: Guid(293ee68442aeb435f886928d32a9b3bc) Importer(815301076,1909f56bfc062723c751e8b465ee728b)
Start importing Assets/01.Scenes/ARKit/ARCollaborationData/Colorizer.cs using Guid(293ee68442aeb435f886928d32a9b3bc) Importer(815301076,1909f56bfc062723c751e8b465ee728b)  -> (artifact id: '2fb036c34ddb57218d89c8029dd61f53') in 0.009630 seconds
  Import took 0.017835 seconds .

========================================================================
Received Import Request.
  Time since last request: 36.993819 seconds.
  path: Assets/01.Scenes/01.DolphinCaptivity/Test1.unity
  artifactKey: Guid(9ee6aec5fc12c4889918d30228e624d9) Importer(815301076,1909f56bfc062723c751e8b465ee728b)
Start importing Assets/01.Scenes/01.DolphinCaptivity/Test1.unity using Guid(9ee6aec5fc12c4889918d30228e624d9) Importer(815301076,1909f56bfc062723c751e8b465ee728b)  -> (artifact id: 'e4fc01bb2abc19010245f2892cc3f2fd') in 0.021522 seconds
  Import took 0.029246 seconds .

========================================================================
Received Import Request.
  Time since last request: 23.621810 seconds.
  path: Assets/03.Prefabs/01.Custom/Dolphin.prefab
  artifactKey: Guid(d060c65cfee2f401e9bb7322bb04df49) Importer(815301076,1909f56bfc062723c751e8b465ee728b)
Start importing Assets/03.Prefabs/01.Custom/Dolphin.prefab using Guid(d060c65cfee2f401e9bb7322bb04df49) Importer(815301076,1909f56bfc062723c751e8b465ee728b)  -> (artifact id: '0c6771f2e8d5afa46e285c773ed99bd5') in 2.728565 seconds
  Import took 2.736327 seconds .

========================================================================
Received Prepare
Registering precompiled user dll's ...
Registered in 0.009483 seconds.
Begin MonoManager ReloadAssembly
Native extension for WindowsStandalone target not found
Native extension for OSXStandalone target not found
Native extension for WebGL target not found
Refreshing native plugins compatible for Editor in 1.03 ms, found 2 plugins.
Preloading 0 native plugins for Editor in 0.00 ms.
Mono: successfully reloaded assembly
- Completed reload, in  1.842 seconds
Platform modules already initialized, skipping
Switching build target platform(2) subTarget(0) extendedPlatform(0) -> platform(13) subTarget(589824) extendedPlatform(0)
Refreshing native plugins compatible for Editor in 1.27 ms, found 2 plugins.
Preloading 0 native plugins for Editor in 0.00 ms.
Unloading 3253 Unused Serialized files (Serialized files now loaded: 0)
System memory in use before: 242.1 MB.
System memory in use after: 241.3 MB.

Unloading 75 unused Assets to reduce memory usage. Loaded Objects now: 3658.
Total: 14.044042 ms (FindLiveObjects: 0.535624 ms CreateObjectMapping: 0.183500 ms MarkObjects: 12.414057 ms  DeleteObjects: 0.909191 ms)

AssetImportParameters requested are different than current active one (requested -> active):
  custom:graphics/normal-map-encoding: 01000000000000000000000000000000 -> 02000000000000000000000000000000
========================================================================
Received Prepare
Registering precompiled user dll's ...
Registered in 0.010158 seconds.
Begin MonoManager ReloadAssembly
Native extension for WindowsStandalone target not found
Native extension for OSXStandalone target not found
Native extension for WebGL target not found
Refreshing native plugins compatible for Editor in 1.14 ms, found 2 plugins.
Preloading 0 native plugins for Editor in 0.00 ms.
Mono: successfully reloaded assembly
- Completed reload, in  1.977 seconds
Platform modules already initialized, skipping
Switching build target platform(2) subTarget(0) extendedPlatform(0) -> platform(13) subTarget(589824) extendedPlatform(0)
Refreshing native plugins compatible for Editor in 1.21 ms, found 2 plugins.
Preloading 0 native plugins for Editor in 0.00 ms.
Unloading 3252 Unused Serialized files (Serialized files now loaded: 0)
System memory in use before: 242.3 MB.
System memory in use after: 241.4 MB.

Unloading 75 unused Assets to reduce memory usage. Loaded Objects now: 3662.
Total: 7.515238 ms (FindLiveObjects: 0.365048 ms CreateObjectMapping: 0.152222 ms MarkObjects: 6.060612 ms  DeleteObjects: 0.935809 ms)

AssetImportParameters requested are different than current active one (requested -> active):
  custom:graphics/normal-map-encoding: 01000000000000000000000000000000 -> 02000000000000000000000000000000
========================================================================
Received Import Request.
  Time since last request: 291.712243 seconds.
  path: Assets/04.Meshes/01.Cetaceans/dolphin.fbx
  artifactKey: Guid(c463a555b26b5497396e5a54a2067d70) Importer(815301076,1909f56bfc062723c751e8b465ee728b)
Start importing Assets/04.Meshes/01.Cetaceans/dolphin.fbx using Guid(c463a555b26b5497396e5a54a2067d70) Importer(815301076,1909f56bfc062723c751e8b465ee728b)  -> (artifact id: '30326118dc864288e3c7689ae274da43') in 0.889673 seconds
  Import took 0.896645 seconds .

========================================================================
Received Import Request.
  Time since last request: 0.000284 seconds.
  path: Assets/01.Scenes/ImageTracking/Prefabs/FlowerAlternativePrefab/Small/VegetationSmall06.fbx
  artifactKey: Guid(95a59a779c708744f9268e68ea353e42) Importer(815301076,1909f56bfc062723c751e8b465ee728b)
Start importing Assets/01.Scenes/ImageTracking/Prefabs/FlowerAlternativePrefab/Small/VegetationSmall06.fbx using Guid(95a59a779c708744f9268e68ea353e42) Importer(815301076,1909f56bfc062723c751e8b465ee728b)  -> (artifact id: '8acb1e79d7de662206a07bc185c9b0ce') in 0.856889 seconds
  Import took 0.863827 seconds .

========================================================================
Received Import Request.
  Time since last request: 0.000290 seconds.
  path: Assets/04.Meshes/sloth_head_blendshapes5.fbx
  artifactKey: Guid(63ae12abc50414d5c882dbe18f6a820b) Importer(815301076,1909f56bfc062723c751e8b465ee728b)
Start importing Assets/04.Meshes/sloth_head_blendshapes5.fbx using Guid(63ae12abc50414d5c882dbe18f6a820b) Importer(815301076,1909f56bfc062723c751e8b465ee728b)  -> (artifact id: '5433b91c9eeed2dd71da7a5a7f6c090e') in 0.080063 seconds
  Import took 0.088221 seconds .

========================================================================
Received Import Request.
  Time since last request: 0.000252 seconds.
  path: Assets/01.Scenes/ImageTracking/Prefabs/FlowerPrefab/Small/VegetationSmall04.fbx
  artifactKey: Guid(2fe21ce46fd85014590e30e91e49aedc) Importer(815301076,1909f56bfc062723c751e8b465ee728b)
Start importing Assets/01.Scenes/ImageTracking/Prefabs/FlowerPrefab/Small/VegetationSmall04.fbx using Guid(2fe21ce46fd85014590e30e91e49aedc) Importer(815301076,1909f56bfc062723c751e8b465ee728b)  -> (artifact id: 'd3870e47ae97fa5e954d5099a7eebd9e') in 0.281669 seconds
  Import took 0.288516 seconds .

========================================================================
Received Import Request.
  Time since last request: 0.000267 seconds.
  path: Assets/01.Scenes/ImageTracking/Prefabs/VikingHelmetPrefab/VikingHelmet.fbx
  artifactKey: Guid(a20ea7771cebbda4696ef82ef45481a0) Importer(815301076,1909f56bfc062723c751e8b465ee728b)
Start importing Assets/01.Scenes/ImageTracking/Prefabs/VikingHelmetPrefab/VikingHelmet.fbx using Guid(a20ea7771cebbda4696ef82ef45481a0) Importer(815301076,1909f56bfc062723c751e8b465ee728b)  -> (artifact id: 'a14fbe9e5db9b91f6039492f4d82ba31') in 0.120051 seconds
  Import took 0.126006 seconds .

========================================================================
Received Import Request.
  Time since last request: 0.000266 seconds.
  path: Assets/01.Scenes/LightEstimation/Tiny3D.fbx
  artifactKey: Guid(3cc85aca79e34234289f8d8313ac7d34) Importer(815301076,1909f56bfc062723c751e8b465ee728b)
Start importing Assets/01.Scenes/LightEstimation/Tiny3D.fbx using Guid(3cc85aca79e34234289f8d8313ac7d34) Importer(815301076,1909f56bfc062723c751e8b465ee728b)  -> (artifact id: '1d0ae9fd7184f84faf836e4ed54e28c4') in 0.201944 seconds
  Import took 0.208070 seconds .

========================================================================
Received Import Request.
  Time since last request: 0.000326 seconds.
  path: Assets/01.Scenes/ImageTracking/Prefabs/FireFliesPrefab/Models/FireFly.fbx
  artifactKey: Guid(dc6b02b1d8deafa448e0985c40c217ae) Importer(815301076,1909f56bfc062723c751e8b465ee728b)
Start importing Assets/01.Scenes/ImageTracking/Prefabs/FireFliesPrefab/Models/FireFly.fbx using Guid(dc6b02b1d8deafa448e0985c40c217ae) Importer(815301076,1909f56bfc062723c751e8b465ee728b)  -> (artifact id: '1d8ec00f5ce292c507de0df95e8c98b0') in 0.102166 seconds
  Import took 0.108610 seconds .

========================================================================
Received Import Request.
  Time since last request: 0.000273 seconds.
  path: Assets/04.Meshes/01.Cetaceans/dolphin_animation.fbx
  artifactKey: Guid(db0fc0ea439c346abbc43bba450e226e) Importer(815301076,1909f56bfc062723c751e8b465ee728b)
Start importing Assets/04.Meshes/01.Cetaceans/dolphin_animation.fbx using Guid(db0fc0ea439c346abbc43bba450e226e) Importer(815301076,1909f56bfc062723c751e8b465ee728b)  -> (artifact id: 'b4d4d5e95e797e7dd51d9eace3fa909c') in 0.470987 seconds
  Import took 0.476960 seconds .

========================================================================
Received Import Request.
  Time since last request: 17.297844 seconds.
  path: Assets/01.Scenes/01.DolphinCaptivity
  artifactKey: Guid(58c872a5c6a0046e1824176a15ee42e7) Importer(815301076,1909f56bfc062723c751e8b465ee728b)
Start importing Assets/01.Scenes/01.DolphinCaptivity using Guid(58c872a5c6a0046e1824176a15ee42e7) Importer(815301076,1909f56bfc062723c751e8b465ee728b)  -> (artifact id: '43805167b278b644142a2027e0429852') in 0.003473 seconds
  Import took 0.010476 seconds .

========================================================================
Received Import Request.
  Time since last request: 0.743308 seconds.
  path: Assets/01.Scenes/01.DolphinCaptivity/DolphinConversationTest1.unity
  artifactKey: Guid(ec764459b3f7f47358e4f10a7574b7c5) Importer(815301076,1909f56bfc062723c751e8b465ee728b)
Start importing Assets/01.Scenes/01.DolphinCaptivity/DolphinConversationTest1.unity using Guid(ec764459b3f7f47358e4f10a7574b7c5) Importer(815301076,1909f56bfc062723c751e8b465ee728b)  -> (artifact id: 'f8a00b83758ffab3d8ba766bbc467fe1') in 0.009575 seconds
  Import took 0.016867 seconds .

========================================================================
Received Prepare
Registering precompiled user dll's ...
Registered in 0.008450 seconds.
Begin MonoManager ReloadAssembly
Native extension for WindowsStandalone target not found
Native extension for OSXStandalone target not found
Native extension for WebGL target not found
Refreshing native plugins compatible for Editor in 1.10 ms, found 2 plugins.
Preloading 0 native plugins for Editor in 0.00 ms.
Mono: successfully reloaded assembly
- Completed reload, in  1.887 seconds
Platform modules already initialized, skipping
Switching build target platform(2) subTarget(0) extendedPlatform(0) -> platform(13) subTarget(589824) extendedPlatform(0)
Refreshing native plugins compatible for Editor in 1.28 ms, found 2 plugins.
Preloading 0 native plugins for Editor in 0.00 ms.
Unloading 3252 Unused Serialized files (Serialized files now loaded: 0)
System memory in use before: 248.8 MB.
System memory in use after: 248.5 MB.

Unloading 75 unused Assets to reduce memory usage. Loaded Objects now: 3704.
Total: 9.752520 ms (FindLiveObjects: 0.807953 ms CreateObjectMapping: 0.344283 ms MarkObjects: 7.720466 ms  DeleteObjects: 0.877989 ms)

AssetImportParameters requested are different than current active one (requested -> active):
  custom:graphics/normal-map-encoding: 01000000000000000000000000000000 -> 02000000000000000000000000000000
