Using pre-set license

 COMMAND LINE ARGUMENTS:
/Applications/Unity/Hub/Editor/2020.3.11f1/Unity.app/Contents/MacOS/Unity
-adb2
-batchMode
-noUpm
-name
AssetImportWorker2
-projectPath
/Users/junghuh/Documents/GitHub/Unity-DialogFlow
-logFile
Logs/AssetImportWorker2.log
-srvPort
64785
Successfully changed project path to: /Users/junghuh/Documents/GitHub/Unity-DialogFlow
/Users/junghuh/Documents/GitHub/Unity-DialogFlow
Using Asset Import Pipeline V2.
Refreshing native plugins compatible for Editor in 9945.87 ms, found 6 plugins.
Preloading 0 native plugins for Editor in 0.00 ms.
Initialize engine version: 2020.3.11f1 (99c7afb366b3)
[Subsystems] Discovering subsystems at path /Applications/Unity/Hub/Editor/2020.3.11f1/Unity.app/Contents/Resources/UnitySubsystems
[Subsystems] Discovering subsystems at path /Users/junghuh/Documents/GitHub/Unity-DialogFlow/Assets
GfxDevice: creating device client; threaded=0
2022-05-15 01:17:07.376 Unity[65524:115669146] Color LCD preferred device: AMD Radeon Pro 460 (high power)
2022-05-15 01:17:07.376 Unity[65524:115669146] Metal devices available: 2
2022-05-15 01:17:07.377 Unity[65524:115669146] 0: AMD Radeon Pro 460 (high power)
2022-05-15 01:17:07.377 Unity[65524:115669146] 1: Intel(R) HD Graphics 530 (low power)
2022-05-15 01:17:07.379 Unity[65524:115669146] Using device AMD Radeon Pro 460 (high power)
Initializing Metal device caps: AMD Radeon Pro 460
Initialize mono
Mono path[0] = '/Applications/Unity/Hub/Editor/2020.3.11f1/Unity.app/Contents/Managed'
Mono path[1] = '/Applications/Unity/Hub/Editor/2020.3.11f1/Unity.app/Contents/MonoBleedingEdge/lib/mono/unityjit'
Mono config path = '/Applications/Unity/Hub/Editor/2020.3.11f1/Unity.app/Contents/MonoBleedingEdge/etc'
Using monoOptions --debugger-agent=transport=dt_socket,embedding=1,server=y,suspend=n,address=127.0.0.1:56524
Begin MonoManager ReloadAssembly
