Using pre-set license

 COMMAND LINE ARGUMENTS:
/Applications/Unity/Hub/Editor/2020.3.11f1/Unity.app/Contents/MacOS/Unity
-adb2
-batchMode
-noUpm
-name
AssetImportWorker6
-projectPath
/Users/junghuh/Documents/GitHub/Unity-DialogFlow
-logFile
Logs/AssetImportWorker6.log
-srvPort
53172
Successfully changed project path to: /Users/junghuh/Documents/GitHub/Unity-DialogFlow
/Users/junghuh/Documents/GitHub/Unity-DialogFlow
Using Asset Import Pipeline V2.
Refreshing native plugins compatible for Editor in 277.48 ms, found 6 plugins.
Preloading 0 native plugins for Editor in 0.00 ms.
Initialize engine version: 2020.3.11f1 (99c7afb366b3)
[Subsystems] Discovering subsystems at path /Applications/Unity/Hub/Editor/2020.3.11f1/Unity.app/Contents/Resources/UnitySubsystems
[Subsystems] Discovering subsystems at path /Users/junghuh/Documents/GitHub/Unity-DialogFlow/Assets
GfxDevice: creating device client; threaded=0
2022-05-17 15:01:49.590 Unity[9144:792528] Color LCD preferred device: AMD Radeon Pro 460 (high power)
2022-05-17 15:01:49.590 Unity[9144:792528] Metal devices available: 2
2022-05-17 15:01:49.590 Unity[9144:792528] 0: AMD Radeon Pro 460 (high power)
2022-05-17 15:01:49.590 Unity[9144:792528] 1: Intel(R) HD Graphics 530 (low power)
2022-05-17 15:01:49.591 Unity[9144:792528] Using device AMD Radeon Pro 460 (high power)
Initializing Metal device caps: AMD Radeon Pro 460
Initialize mono
Mono path[0] = '/Applications/Unity/Hub/Editor/2020.3.11f1/Unity.app/Contents/Managed'
Mono path[1] = '/Applications/Unity/Hub/Editor/2020.3.11f1/Unity.app/Contents/MonoBleedingEdge/lib/mono/unityjit'
Mono config path = '/Applications/Unity/Hub/Editor/2020.3.11f1/Unity.app/Contents/MonoBleedingEdge/etc'
Using monoOptions --debugger-agent=transport=dt_socket,embedding=1,server=y,suspend=n,address=127.0.0.1:56144
Begin MonoManager ReloadAssembly
Registering precompiled unity dll's ...
Register platform support module: /Applications/Unity/Hub/Editor/2020.3.11f1/PlaybackEngines/WebGLSupport/UnityEditor.WebGL.Extensions.dll
Register platform support module: /Applications/Unity/Hub/Editor/2020.3.11f1/Unity.app/Contents/PlaybackEngines/MacStandaloneSupport/UnityEditor.OSXStandalone.Extensions.dll
Register platform support module: /Applications/Unity/Hub/Editor/2020.3.11f1/PlaybackEngines/WindowsStandaloneSupport/UnityEditor.WindowsStandalone.Extensions.dll
Registered in 0.001906 seconds.
Native extension for WindowsStandalone target not found
Native extension for OSXStandalone target not found
Native extension for WebGL target not found
Refreshing native plugins compatible for Editor in 125.43 ms, found 6 plugins.
Preloading 0 native plugins for Editor in 0.00 ms.
Mono: successfully reloaded assembly
- Completed reload, in  8.221 seconds
Platform modules already initialized, skipping
Registering precompiled user dll's ...
Registered in 0.044224 seconds.
Begin MonoManager ReloadAssembly
Native extension for WindowsStandalone target not found
Native extension for OSXStandalone target not found
Native extension for WebGL target not found
Refreshing native plugins compatible for Editor in 111.57 ms, found 6 plugins.
Preloading 0 native plugins for Editor in 0.00 ms.
UnityEngine.Assertions.AssertionException: Assertion failure. Value was Null
Expected: Value was not Null
  at UnityEngine.Assertions.Assert.Fail (System.String message, System.String userMessage) [0x0003c] in /Users/bokken/buildslave/unity/build/Runtime/Export/Assertions/Assert/AssertBase.cs:29 
  at UnityEngine.Assertions.Assert.IsNotNull[T] (T value, System.String message) [0x00042] in /Users/bokken/buildslave/unity/build/Runtime/Export/Assertions/Assert/AssertNull.cs:50 
  at UnityEngine.Assertions.Assert.IsNotNull[T] (T value) [0x00001] in /Users/bokken/buildslave/unity/build/Runtime/Export/Assertions/Assert/AssertNull.cs:38 
  at ARFoundationRemote.Editor.ARFaceEditorMemorySafetyErrorFixer.IsFixApplied () [0x00016] in /Users/junghuh/Documents/GitHub/Unity-DialogFlow/Packages/com.kyrylokuzyk.arfoundationremote/Editor/FixesForEditorSupport/ARFaceEditorMemorySafetyErrorFixer.cs:34 
  at ARFoundationRemote.Editor.ARFaceEditorMemorySafetyErrorFixer.ApplyIfNeeded () [0x00000] in /Users/junghuh/Documents/GitHub/Unity-DialogFlow/Packages/com.kyrylokuzyk.arfoundationremote/Editor/FixesForEditorSupport/ARFaceEditorMemorySafetyErrorFixer.cs:15 
  at ARFoundationRemote.Editor.FixesForEditorSupport.Apply (System.Boolean force) [0x00012] in /Users/junghuh/Documents/GitHub/Unity-DialogFlow/Packages/com.kyrylokuzyk.arfoundationremote/Editor/FixesForEditorSupport/FixesForEditorSupport.cs:18 
  at ARFoundationRemote.Editor.FixesForEditorSupport..cctor () [0x00000] in /Users/junghuh/Documents/GitHub/Unity-DialogFlow/Packages/com.kyrylokuzyk.arfoundationremote/Editor/FixesForEditorSupport/FixesForEditorSupport.cs:11 
UnityEngine.StackTraceUtility:ExtractStackTrace () (at /Users/bokken/buildslave/unity/build/Runtime/Export/Scripting/StackTrace.cs:37)
UnityEngine.DebugLogHandler:LogFormat (UnityEngine.LogType,UnityEngine.Object,string,object[])
UnityEngine.Logger:Log (UnityEngine.LogType,object)
UnityEngine.Debug:LogError (object)
UnityEditor.EditorAssemblies:ProcessInitializeOnLoadAttributes (System.Type[]) (at /Users/bokken/buildslave/unity/build/Editor/Mono/EditorAssemblies.cs:118)

(Filename: /Users/bokken/buildslave/unity/build/Editor/Mono/EditorAssemblies.cs Line: 118)

ArgumentNullException: Value cannot be null.
Parameter name: source
  at System.Linq.Enumerable.Any[TSource] (System.Collections.Generic.IEnumerable`1[T] source, System.Func`2[T,TResult] predicate) [0x0000d] in <351e49e2a5bf4fd6beabb458ce2255f3>:0 
  at NatSuite.Sharing.Editor.NatShare.Import () [0x00194] in /Users/junghuh/Documents/GitHub/Unity-DialogFlow/Assets/NatSuite/Importers/NatShare.cs:62 

Mono: successfully reloaded assembly
- Completed reload, in  2.592 seconds
Platform modules already initialized, skipping
========================================================================
Worker process is ready to serve import requests
Launching external process: /Applications/Unity/Hub/Editor/2020.3.11f1/Unity.app/Contents/Tools/UnityShaderCompiler
Launched and connected shader compiler UnityShaderCompiler after 0.02 seconds
Refreshing native plugins compatible for Editor in 1.80 ms, found 6 plugins.
Preloading 0 native plugins for Editor in 0.00 ms.
Unloading 3572 Unused Serialized files (Serialized files now loaded: 0)
System memory in use before: 242.8 MB.
System memory in use after: 243.0 MB.

Unloading 172 unused Assets to reduce memory usage. Loaded Objects now: 3905.
Total: 7.179097 ms (FindLiveObjects: 0.656556 ms CreateObjectMapping: 0.319697 ms MarkObjects: 6.058709 ms  DeleteObjects: 0.142867 ms)

========================================================================
Received Import Request.
  path: Assets/02.Scripts/01.Custom/DialogFlowSystemOutput.cs
  artifactKey: Guid(82020961d7615474ba012ee8b1efc8aa) Importer(815301076,1909f56bfc062723c751e8b465ee728b)
Start importing Assets/02.Scripts/01.Custom/DialogFlowSystemOutput.cs using Guid(82020961d7615474ba012ee8b1efc8aa) Importer(815301076,1909f56bfc062723c751e8b465ee728b)  -> (artifact id: '9be156997bf323ad4cbc758cd9745372') in 0.943240 seconds
  Import took 0.952510 seconds .

